2018-09-11 07:01:57,965 INFO org.apache.hadoop.hdfs.server.namenode.NameNode: STARTUP_MSG: 
/************************************************************
STARTUP_MSG: Starting NameNode
STARTUP_MSG:   host = jiankong1/10.11.10.211
STARTUP_MSG:   args = []
STARTUP_MSG:   version = 2.6.5
STARTUP_MSG:   classpath = /usr/local/hadoop-2.6.5/etc/hadoop:/usr/local/hadoop-2.6.5/share/hadoop/common/lib/gson-2.2.4.jar:/usr/local/hadoop-2.6.5/share/hadoop/common/lib/xz-1.0.jar:/usr/local/hadoop-2.6.5/share/hadoop/common/lib/api-util-1.0.0-M20.jar:/usr/local/hadoop-2.6.5/share/hadoop/common/lib/jackson-core-asl-1.9.13.jar:/usr/local/hadoop-2.6.5/share/hadoop/common/lib/apacheds-i18n-2.0.0-M15.jar:/usr/local/hadoop-2.6.5/share/hadoop/common/lib/htrace-core-3.0.4.jar:/usr/local/hadoop-2.6.5/share/hadoop/common/lib/commons-httpclient-3.1.jar:/usr/local/hadoop-2.6.5/share/hadoop/common/lib/jersey-json-1.9.jar:/usr/local/hadoop-2.6.5/share/hadoop/common/lib/commons-compress-1.4.1.jar:/usr/local/hadoop-2.6.5/share/hadoop/common/lib/jettison-1.1.jar:/usr/local/hadoop-2.6.5/share/hadoop/common/lib/jsp-api-2.1.jar:/usr/local/hadoop-2.6.5/share/hadoop/common/lib/protobuf-java-2.5.0.jar:/usr/local/hadoop-2.6.5/share/hadoop/common/lib/slf4j-api-1.7.5.jar:/usr/local/hadoop-2.6.5/share/hadoop/common/lib/jetty-util-6.1.26.jar:/usr/local/hadoop-2.6.5/share/hadoop/common/lib/activation-1.1.jar:/usr/local/hadoop-2.6.5/share/hadoop/common/lib/api-asn1-api-1.0.0-M20.jar:/usr/local/hadoop-2.6.5/share/hadoop/common/lib/apacheds-kerberos-codec-2.0.0-M15.jar:/usr/local/hadoop-2.6.5/share/hadoop/common/lib/jackson-mapper-asl-1.9.13.jar:/usr/local/hadoop-2.6.5/share/hadoop/common/lib/zookeeper-3.4.6.jar:/usr/local/hadoop-2.6.5/share/hadoop/common/lib/paranamer-2.3.jar:/usr/local/hadoop-2.6.5/share/hadoop/common/lib/commons-beanutils-1.7.0.jar:/usr/local/hadoop-2.6.5/share/hadoop/common/lib/jets3t-0.9.0.jar:/usr/local/hadoop-2.6.5/share/hadoop/common/lib/jsch-0.1.42.jar:/usr/local/hadoop-2.6.5/share/hadoop/common/lib/junit-4.11.jar:/usr/local/hadoop-2.6.5/share/hadoop/common/lib/commons-beanutils-core-1.8.0.jar:/usr/local/hadoop-2.6.5/share/hadoop/common/lib/servlet-api-2.5.jar:/usr/local/hadoop-2.6.5/share/hadoop/common/lib/xmlenc-0.52.jar:/usr/local/hadoop-2.6.5/share/hadoop/common/lib/avro-1.7.4.jar:/usr/local/hadoop-2.6.5/share/hadoop/common/lib/commons-io-2.4.jar:/usr/local/hadoop-2.6.5/share/hadoop/common/lib/hamcrest-core-1.3.jar:/usr/local/hadoop-2.6.5/share/hadoop/common/lib/mockito-all-1.8.5.jar:/usr/local/hadoop-2.6.5/share/hadoop/common/lib/httpclient-4.2.5.jar:/usr/local/hadoop-2.6.5/share/hadoop/common/lib/jackson-xc-1.9.13.jar:/usr/local/hadoop-2.6.5/share/hadoop/common/lib/jaxb-api-2.2.2.jar:/usr/local/hadoop-2.6.5/share/hadoop/common/lib/jaxb-impl-2.2.3-1.jar:/usr/local/hadoop-2.6.5/share/hadoop/common/lib/httpcore-4.2.5.jar:/usr/local/hadoop-2.6.5/share/hadoop/common/lib/hadoop-annotations-2.6.5.jar:/usr/local/hadoop-2.6.5/share/hadoop/common/lib/jersey-core-1.9.jar:/usr/local/hadoop-2.6.5/share/hadoop/common/lib/commons-collections-3.2.2.jar:/usr/local/hadoop-2.6.5/share/hadoop/common/lib/log4j-1.2.17.jar:/usr/local/hadoop-2.6.5/share/hadoop/common/lib/commons-lang-2.6.jar:/usr/local/hadoop-2.6.5/share/hadoop/common/lib/jetty-6.1.26.jar:/usr/local/hadoop-2.6.5/share/hadoop/common/lib/commons-logging-1.1.3.jar:/usr/local/hadoop-2.6.5/share/hadoop/common/lib/commons-cli-1.2.jar:/usr/local/hadoop-2.6.5/share/hadoop/common/lib/jasper-runtime-5.5.23.jar:/usr/local/hadoop-2.6.5/share/hadoop/common/lib/slf4j-log4j12-1.7.5.jar:/usr/local/hadoop-2.6.5/share/hadoop/common/lib/snappy-java-1.0.4.1.jar:/usr/local/hadoop-2.6.5/share/hadoop/common/lib/commons-codec-1.4.jar:/usr/local/hadoop-2.6.5/share/hadoop/common/lib/guava-11.0.2.jar:/usr/local/hadoop-2.6.5/share/hadoop/common/lib/asm-3.2.jar:/usr/local/hadoop-2.6.5/share/hadoop/common/lib/curator-client-2.6.0.jar:/usr/local/hadoop-2.6.5/share/hadoop/common/lib/jsr305-1.3.9.jar:/usr/local/hadoop-2.6.5/share/hadoop/common/lib/curator-recipes-2.6.0.jar:/usr/local/hadoop-2.6.5/share/hadoop/common/lib/commons-math3-3.1.1.jar:/usr/local/hadoop-2.6.5/share/hadoop/common/lib/curator-framework-2.6.0.jar:/usr/local/hadoop-2.6.5/share/hadoop/common/lib/hadoop-auth-2.6.5.jar:/usr/local/hadoop-2.6.5/share/hadoop/common/lib/java-xmlbuilder-0.4.jar:/usr/local/hadoop-2.6.5/share/hadoop/common/lib/commons-net-3.1.jar:/usr/local/hadoop-2.6.5/share/hadoop/common/lib/netty-3.6.2.Final.jar:/usr/local/hadoop-2.6.5/share/hadoop/common/lib/jersey-server-1.9.jar:/usr/local/hadoop-2.6.5/share/hadoop/common/lib/commons-digester-1.8.jar:/usr/local/hadoop-2.6.5/share/hadoop/common/lib/jasper-compiler-5.5.23.jar:/usr/local/hadoop-2.6.5/share/hadoop/common/lib/jackson-jaxrs-1.9.13.jar:/usr/local/hadoop-2.6.5/share/hadoop/common/lib/stax-api-1.0-2.jar:/usr/local/hadoop-2.6.5/share/hadoop/common/lib/commons-configuration-1.6.jar:/usr/local/hadoop-2.6.5/share/hadoop/common/lib/commons-el-1.0.jar:/usr/local/hadoop-2.6.5/share/hadoop/common/hadoop-nfs-2.6.5.jar:/usr/local/hadoop-2.6.5/share/hadoop/common/hadoop-common-2.6.5.jar:/usr/local/hadoop-2.6.5/share/hadoop/common/hadoop-common-2.6.5-tests.jar:/usr/local/hadoop-2.6.5/share/hadoop/hdfs:/usr/local/hadoop-2.6.5/share/hadoop/hdfs/lib/jackson-core-asl-1.9.13.jar:/usr/local/hadoop-2.6.5/share/hadoop/hdfs/lib/htrace-core-3.0.4.jar:/usr/local/hadoop-2.6.5/share/hadoop/hdfs/lib/jsp-api-2.1.jar:/usr/local/hadoop-2.6.5/share/hadoop/hdfs/lib/protobuf-java-2.5.0.jar:/usr/local/hadoop-2.6.5/share/hadoop/hdfs/lib/jetty-util-6.1.26.jar:/usr/local/hadoop-2.6.5/share/hadoop/hdfs/lib/jackson-mapper-asl-1.9.13.jar:/usr/local/hadoop-2.6.5/share/hadoop/hdfs/lib/xml-apis-1.3.04.jar:/usr/local/hadoop-2.6.5/share/hadoop/hdfs/lib/servlet-api-2.5.jar:/usr/local/hadoop-2.6.5/share/hadoop/hdfs/lib/xmlenc-0.52.jar:/usr/local/hadoop-2.6.5/share/hadoop/hdfs/lib/commons-io-2.4.jar:/usr/local/hadoop-2.6.5/share/hadoop/hdfs/lib/jersey-core-1.9.jar:/usr/local/hadoop-2.6.5/share/hadoop/hdfs/lib/log4j-1.2.17.jar:/usr/local/hadoop-2.6.5/share/hadoop/hdfs/lib/commons-lang-2.6.jar:/usr/local/hadoop-2.6.5/share/hadoop/hdfs/lib/jetty-6.1.26.jar:/usr/local/hadoop-2.6.5/share/hadoop/hdfs/lib/commons-logging-1.1.3.jar:/usr/local/hadoop-2.6.5/share/hadoop/hdfs/lib/commons-cli-1.2.jar:/usr/local/hadoop-2.6.5/share/hadoop/hdfs/lib/jasper-runtime-5.5.23.jar:/usr/local/hadoop-2.6.5/share/hadoop/hdfs/lib/commons-codec-1.4.jar:/usr/local/hadoop-2.6.5/share/hadoop/hdfs/lib/guava-11.0.2.jar:/usr/local/hadoop-2.6.5/share/hadoop/hdfs/lib/asm-3.2.jar:/usr/local/hadoop-2.6.5/share/hadoop/hdfs/lib/jsr305-1.3.9.jar:/usr/local/hadoop-2.6.5/share/hadoop/hdfs/lib/netty-3.6.2.Final.jar:/usr/local/hadoop-2.6.5/share/hadoop/hdfs/lib/commons-daemon-1.0.13.jar:/usr/local/hadoop-2.6.5/share/hadoop/hdfs/lib/jersey-server-1.9.jar:/usr/local/hadoop-2.6.5/share/hadoop/hdfs/lib/commons-el-1.0.jar:/usr/local/hadoop-2.6.5/share/hadoop/hdfs/lib/xercesImpl-2.9.1.jar:/usr/local/hadoop-2.6.5/share/hadoop/hdfs/hadoop-hdfs-nfs-2.6.5.jar:/usr/local/hadoop-2.6.5/share/hadoop/hdfs/hadoop-hdfs-2.6.5.jar:/usr/local/hadoop-2.6.5/share/hadoop/hdfs/hadoop-hdfs-2.6.5-tests.jar:/usr/local/hadoop-2.6.5/share/hadoop/yarn/lib/jersey-client-1.9.jar:/usr/local/hadoop-2.6.5/share/hadoop/yarn/lib/xz-1.0.jar:/usr/local/hadoop-2.6.5/share/hadoop/yarn/lib/jackson-core-asl-1.9.13.jar:/usr/local/hadoop-2.6.5/share/hadoop/yarn/lib/commons-httpclient-3.1.jar:/usr/local/hadoop-2.6.5/share/hadoop/yarn/lib/jersey-json-1.9.jar:/usr/local/hadoop-2.6.5/share/hadoop/yarn/lib/commons-compress-1.4.1.jar:/usr/local/hadoop-2.6.5/share/hadoop/yarn/lib/jettison-1.1.jar:/usr/local/hadoop-2.6.5/share/hadoop/yarn/lib/protobuf-java-2.5.0.jar:/usr/local/hadoop-2.6.5/share/hadoop/yarn/lib/jetty-util-6.1.26.jar:/usr/local/hadoop-2.6.5/share/hadoop/yarn/lib/activation-1.1.jar:/usr/local/hadoop-2.6.5/share/hadoop/yarn/lib/jackson-mapper-asl-1.9.13.jar:/usr/local/hadoop-2.6.5/share/hadoop/yarn/lib/zookeeper-3.4.6.jar:/usr/local/hadoop-2.6.5/share/hadoop/yarn/lib/jline-0.9.94.jar:/usr/local/hadoop-2.6.5/share/hadoop/yarn/lib/servlet-api-2.5.jar:/usr/local/hadoop-2.6.5/share/hadoop/yarn/lib/aopalliance-1.0.jar:/usr/local/hadoop-2.6.5/share/hadoop/yarn/lib/commons-io-2.4.jar:/usr/local/hadoop-2.6.5/share/hadoop/yarn/lib/jackson-xc-1.9.13.jar:/usr/local/hadoop-2.6.5/share/hadoop/yarn/lib/jersey-guice-1.9.jar:/usr/local/hadoop-2.6.5/share/hadoop/yarn/lib/jaxb-api-2.2.2.jar:/usr/local/hadoop-2.6.5/share/hadoop/yarn/lib/jaxb-impl-2.2.3-1.jar:/usr/local/hadoop-2.6.5/share/hadoop/yarn/lib/jersey-core-1.9.jar:/usr/local/hadoop-2.6.5/share/hadoop/yarn/lib/commons-collections-3.2.2.jar:/usr/local/hadoop-2.6.5/share/hadoop/yarn/lib/log4j-1.2.17.jar:/usr/local/hadoop-2.6.5/share/hadoop/yarn/lib/commons-lang-2.6.jar:/usr/local/hadoop-2.6.5/share/hadoop/yarn/lib/jetty-6.1.26.jar:/usr/local/hadoop-2.6.5/share/hadoop/yarn/lib/commons-logging-1.1.3.jar:/usr/local/hadoop-2.6.5/share/hadoop/yarn/lib/commons-cli-1.2.jar:/usr/local/hadoop-2.6.5/share/hadoop/yarn/lib/commons-codec-1.4.jar:/usr/local/hadoop-2.6.5/share/hadoop/yarn/lib/guava-11.0.2.jar:/usr/local/hadoop-2.6.5/share/hadoop/yarn/lib/asm-3.2.jar:/usr/local/hadoop-2.6.5/share/hadoop/yarn/lib/jsr305-1.3.9.jar:/usr/local/hadoop-2.6.5/share/hadoop/yarn/lib/leveldbjni-all-1.8.jar:/usr/local/hadoop-2.6.5/share/hadoop/yarn/lib/netty-3.6.2.Final.jar:/usr/local/hadoop-2.6.5/share/hadoop/yarn/lib/jersey-server-1.9.jar:/usr/local/hadoop-2.6.5/share/hadoop/yarn/lib/guice-3.0.jar:/usr/local/hadoop-2.6.5/share/hadoop/yarn/lib/guice-servlet-3.0.jar:/usr/local/hadoop-2.6.5/share/hadoop/yarn/lib/jackson-jaxrs-1.9.13.jar:/usr/local/hadoop-2.6.5/share/hadoop/yarn/lib/stax-api-1.0-2.jar:/usr/local/hadoop-2.6.5/share/hadoop/yarn/lib/javax.inject-1.jar:/usr/local/hadoop-2.6.5/share/hadoop/yarn/hadoop-yarn-server-resourcemanager-2.6.5.jar:/usr/local/hadoop-2.6.5/share/hadoop/yarn/hadoop-yarn-server-tests-2.6.5.jar:/usr/local/hadoop-2.6.5/share/hadoop/yarn/hadoop-yarn-server-nodemanager-2.6.5.jar:/usr/local/hadoop-2.6.5/share/hadoop/yarn/hadoop-yarn-api-2.6.5.jar:/usr/local/hadoop-2.6.5/share/hadoop/yarn/hadoop-yarn-server-applicationhistoryservice-2.6.5.jar:/usr/local/hadoop-2.6.5/share/hadoop/yarn/hadoop-yarn-client-2.6.5.jar:/usr/local/hadoop-2.6.5/share/hadoop/yarn/hadoop-yarn-common-2.6.5.jar:/usr/local/hadoop-2.6.5/share/hadoop/yarn/hadoop-yarn-server-common-2.6.5.jar:/usr/local/hadoop-2.6.5/share/hadoop/yarn/hadoop-yarn-applications-distributedshell-2.6.5.jar:/usr/local/hadoop-2.6.5/share/hadoop/yarn/hadoop-yarn-server-web-proxy-2.6.5.jar:/usr/local/hadoop-2.6.5/share/hadoop/yarn/hadoop-yarn-applications-unmanaged-am-launcher-2.6.5.jar:/usr/local/hadoop-2.6.5/share/hadoop/yarn/hadoop-yarn-registry-2.6.5.jar:/usr/local/hadoop-2.6.5/share/hadoop/mapreduce/lib/xz-1.0.jar:/usr/local/hadoop-2.6.5/share/hadoop/mapreduce/lib/jackson-core-asl-1.9.13.jar:/usr/local/hadoop-2.6.5/share/hadoop/mapreduce/lib/commons-compress-1.4.1.jar:/usr/local/hadoop-2.6.5/share/hadoop/mapreduce/lib/protobuf-java-2.5.0.jar:/usr/local/hadoop-2.6.5/share/hadoop/mapreduce/lib/jackson-mapper-asl-1.9.13.jar:/usr/local/hadoop-2.6.5/share/hadoop/mapreduce/lib/paranamer-2.3.jar:/usr/local/hadoop-2.6.5/share/hadoop/mapreduce/lib/junit-4.11.jar:/usr/local/hadoop-2.6.5/share/hadoop/mapreduce/lib/aopalliance-1.0.jar:/usr/local/hadoop-2.6.5/share/hadoop/mapreduce/lib/avro-1.7.4.jar:/usr/local/hadoop-2.6.5/share/hadoop/mapreduce/lib/commons-io-2.4.jar:/usr/local/hadoop-2.6.5/share/hadoop/mapreduce/lib/hamcrest-core-1.3.jar:/usr/local/hadoop-2.6.5/share/hadoop/mapreduce/lib/jersey-guice-1.9.jar:/usr/local/hadoop-2.6.5/share/hadoop/mapreduce/lib/hadoop-annotations-2.6.5.jar:/usr/local/hadoop-2.6.5/share/hadoop/mapreduce/lib/jersey-core-1.9.jar:/usr/local/hadoop-2.6.5/share/hadoop/mapreduce/lib/log4j-1.2.17.jar:/usr/local/hadoop-2.6.5/share/hadoop/mapreduce/lib/snappy-java-1.0.4.1.jar:/usr/local/hadoop-2.6.5/share/hadoop/mapreduce/lib/asm-3.2.jar:/usr/local/hadoop-2.6.5/share/hadoop/mapreduce/lib/leveldbjni-all-1.8.jar:/usr/local/hadoop-2.6.5/share/hadoop/mapreduce/lib/netty-3.6.2.Final.jar:/usr/local/hadoop-2.6.5/share/hadoop/mapreduce/lib/jersey-server-1.9.jar:/usr/local/hadoop-2.6.5/share/hadoop/mapreduce/lib/guice-3.0.jar:/usr/local/hadoop-2.6.5/share/hadoop/mapreduce/lib/guice-servlet-3.0.jar:/usr/local/hadoop-2.6.5/share/hadoop/mapreduce/lib/javax.inject-1.jar:/usr/local/hadoop-2.6.5/share/hadoop/mapreduce/hadoop-mapreduce-client-hs-plugins-2.6.5.jar:/usr/local/hadoop-2.6.5/share/hadoop/mapreduce/hadoop-mapreduce-client-jobclient-2.6.5.jar:/usr/local/hadoop-2.6.5/share/hadoop/mapreduce/hadoop-mapreduce-client-hs-2.6.5.jar:/usr/local/hadoop-2.6.5/share/hadoop/mapreduce/hadoop-mapreduce-client-app-2.6.5.jar:/usr/local/hadoop-2.6.5/share/hadoop/mapreduce/hadoop-mapreduce-client-core-2.6.5.jar:/usr/local/hadoop-2.6.5/share/hadoop/mapreduce/hadoop-mapreduce-client-jobclient-2.6.5-tests.jar:/usr/local/hadoop-2.6.5/share/hadoop/mapreduce/hadoop-mapreduce-examples-2.6.5.jar:/usr/local/hadoop-2.6.5/share/hadoop/mapreduce/hadoop-mapreduce-client-common-2.6.5.jar:/usr/local/hadoop-2.6.5/share/hadoop/mapreduce/hadoop-mapreduce-client-shuffle-2.6.5.jar:/contrib/capacity-scheduler/*.jar:/contrib/capacity-scheduler/*.jar:/contrib/capacity-scheduler/*.jar
STARTUP_MSG:   build = https://github.com/apache/hadoop.git -r e8c9fe0b4c252caf2ebf1464220599650f119997; compiled by 'sjlee' on 2016-10-02T23:43Z
STARTUP_MSG:   java = 1.8.0_171
************************************************************/
2018-09-11 07:01:58,018 INFO org.apache.hadoop.hdfs.server.namenode.NameNode: registered UNIX signal handlers for [TERM, HUP, INT]
2018-09-11 07:01:58,031 INFO org.apache.hadoop.hdfs.server.namenode.NameNode: createNameNode []
2018-09-11 07:01:59,438 INFO org.apache.hadoop.metrics2.impl.MetricsConfig: loaded properties from hadoop-metrics2.properties
2018-09-11 07:01:59,893 INFO org.apache.hadoop.metrics2.impl.MetricsSystemImpl: Scheduled snapshot period at 10 second(s).
2018-09-11 07:01:59,894 INFO org.apache.hadoop.metrics2.impl.MetricsSystemImpl: NameNode metrics system started
2018-09-11 07:01:59,902 INFO org.apache.hadoop.hdfs.server.namenode.NameNode: fs.defaultFS is hdfs://10.11.10.211:8020
2018-09-11 07:01:59,907 INFO org.apache.hadoop.hdfs.server.namenode.NameNode: Clients are to use 10.11.10.211:8020 to access this namenode/service.
2018-09-11 07:02:01,070 INFO org.apache.hadoop.hdfs.DFSUtil: Starting Web-server for hdfs at: http://jiankong1:50070
2018-09-11 07:02:01,372 INFO org.mortbay.log: Logging to org.slf4j.impl.Log4jLoggerAdapter(org.mortbay.log) via org.mortbay.log.Slf4jLog
2018-09-11 07:02:01,396 INFO org.apache.hadoop.http.HttpRequestLog: Http request log for http.requests.namenode is not defined
2018-09-11 07:02:01,459 INFO org.apache.hadoop.http.HttpServer2: Added global filter 'safety' (class=org.apache.hadoop.http.HttpServer2$QuotingInputFilter)
2018-09-11 07:02:01,473 INFO org.apache.hadoop.http.HttpServer2: Added filter static_user_filter (class=org.apache.hadoop.http.lib.StaticUserWebFilter$StaticUserFilter) to context hdfs
2018-09-11 07:02:01,476 INFO org.apache.hadoop.http.HttpServer2: Added filter static_user_filter (class=org.apache.hadoop.http.lib.StaticUserWebFilter$StaticUserFilter) to context logs
2018-09-11 07:02:01,476 INFO org.apache.hadoop.http.HttpServer2: Added filter static_user_filter (class=org.apache.hadoop.http.lib.StaticUserWebFilter$StaticUserFilter) to context static
2018-09-11 07:02:01,606 INFO org.apache.hadoop.http.HttpServer2: Added filter 'org.apache.hadoop.hdfs.web.AuthFilter' (class=org.apache.hadoop.hdfs.web.AuthFilter)
2018-09-11 07:02:01,612 INFO org.apache.hadoop.http.HttpServer2: addJerseyResourcePackage: packageName=org.apache.hadoop.hdfs.server.namenode.web.resources;org.apache.hadoop.hdfs.web.resources, pathSpec=/webhdfs/v1/*
2018-09-11 07:02:01,705 INFO org.apache.hadoop.http.HttpServer2: Jetty bound to port 50070
2018-09-11 07:02:01,706 INFO org.mortbay.log: jetty-6.1.26
2018-09-11 07:02:03,151 INFO org.mortbay.log: Started HttpServer2$SelectChannelConnectorWithSafeStartup@jiankong1:50070
2018-09-11 07:02:03,287 WARN org.apache.hadoop.hdfs.server.common.Util: Path /mydata/hadoop/dfs/name should be specified as a URI in configuration files. Please update hdfs configuration.
2018-09-11 07:02:03,289 WARN org.apache.hadoop.hdfs.server.common.Util: Path /mydata/hadoop/dfs/name should be specified as a URI in configuration files. Please update hdfs configuration.
2018-09-11 07:02:03,291 WARN org.apache.hadoop.hdfs.server.namenode.FSNamesystem: Only one image storage directory (dfs.namenode.name.dir) configured. Beware of data loss due to lack of redundant storage directories!
2018-09-11 07:02:03,291 WARN org.apache.hadoop.hdfs.server.namenode.FSNamesystem: Only one namespace edits storage directory (dfs.namenode.edits.dir) configured. Beware of data loss due to lack of redundant storage directories!
2018-09-11 07:02:03,311 WARN org.apache.hadoop.hdfs.server.common.Util: Path /mydata/hadoop/dfs/name should be specified as a URI in configuration files. Please update hdfs configuration.
2018-09-11 07:02:03,313 WARN org.apache.hadoop.hdfs.server.common.Util: Path /mydata/hadoop/dfs/name should be specified as a URI in configuration files. Please update hdfs configuration.
2018-09-11 07:02:03,455 INFO org.apache.hadoop.hdfs.server.namenode.FSNamesystem: No KeyProvider found.
2018-09-11 07:02:03,500 INFO org.apache.hadoop.hdfs.server.namenode.FSNamesystem: fsLock is fair:true
2018-09-11 07:02:03,723 INFO org.apache.hadoop.hdfs.server.blockmanagement.DatanodeManager: dfs.block.invalidate.limit=1000
2018-09-11 07:02:03,724 INFO org.apache.hadoop.hdfs.server.blockmanagement.DatanodeManager: dfs.namenode.datanode.registration.ip-hostname-check=true
2018-09-11 07:02:03,741 INFO org.apache.hadoop.hdfs.server.blockmanagement.BlockManager: dfs.namenode.startup.delay.block.deletion.sec is set to 000:00:00:00.000
2018-09-11 07:02:03,752 INFO org.apache.hadoop.hdfs.server.blockmanagement.BlockManager: The block deletion will start around 2018 Sep 11 07:02:03
2018-09-11 07:02:03,762 INFO org.apache.hadoop.util.GSet: Computing capacity for map BlocksMap
2018-09-11 07:02:03,762 INFO org.apache.hadoop.util.GSet: VM type       = 64-bit
2018-09-11 07:02:03,772 INFO org.apache.hadoop.util.GSet: 2.0% max memory 889 MB = 17.8 MB
2018-09-11 07:02:03,772 INFO org.apache.hadoop.util.GSet: capacity      = 2^21 = 2097152 entries
2018-09-11 07:02:03,814 INFO org.apache.hadoop.hdfs.server.blockmanagement.BlockManager: dfs.block.access.token.enable=false
2018-09-11 07:02:03,815 INFO org.apache.hadoop.hdfs.server.blockmanagement.BlockManager: defaultReplication         = 2
2018-09-11 07:02:03,816 INFO org.apache.hadoop.hdfs.server.blockmanagement.BlockManager: maxReplication             = 512
2018-09-11 07:02:03,816 INFO org.apache.hadoop.hdfs.server.blockmanagement.BlockManager: minReplication             = 1
2018-09-11 07:02:03,817 INFO org.apache.hadoop.hdfs.server.blockmanagement.BlockManager: maxReplicationStreams      = 2
2018-09-11 07:02:03,817 INFO org.apache.hadoop.hdfs.server.blockmanagement.BlockManager: replicationRecheckInterval = 3000
2018-09-11 07:02:03,817 INFO org.apache.hadoop.hdfs.server.blockmanagement.BlockManager: encryptDataTransfer        = false
2018-09-11 07:02:03,818 INFO org.apache.hadoop.hdfs.server.blockmanagement.BlockManager: maxNumBlocksToLog          = 1000
2018-09-11 07:02:03,849 INFO org.apache.hadoop.hdfs.server.namenode.FSNamesystem: fsOwner             = root (auth:SIMPLE)
2018-09-11 07:02:03,850 INFO org.apache.hadoop.hdfs.server.namenode.FSNamesystem: supergroup          = supergroup
2018-09-11 07:02:03,850 INFO org.apache.hadoop.hdfs.server.namenode.FSNamesystem: isPermissionEnabled = false
2018-09-11 07:02:03,851 INFO org.apache.hadoop.hdfs.server.namenode.FSNamesystem: HA Enabled: false
2018-09-11 07:02:03,859 INFO org.apache.hadoop.hdfs.server.namenode.FSNamesystem: Append Enabled: true
2018-09-11 07:02:06,385 INFO org.apache.hadoop.util.GSet: Computing capacity for map INodeMap
2018-09-11 07:02:06,385 INFO org.apache.hadoop.util.GSet: VM type       = 64-bit
2018-09-11 07:02:06,386 INFO org.apache.hadoop.util.GSet: 1.0% max memory 889 MB = 8.9 MB
2018-09-11 07:02:06,387 INFO org.apache.hadoop.util.GSet: capacity      = 2^20 = 1048576 entries
2018-09-11 07:02:06,392 INFO org.apache.hadoop.hdfs.server.namenode.NameNode: Caching file names occuring more than 10 times
2018-09-11 07:02:06,454 INFO org.apache.hadoop.util.GSet: Computing capacity for map cachedBlocks
2018-09-11 07:02:06,454 INFO org.apache.hadoop.util.GSet: VM type       = 64-bit
2018-09-11 07:02:06,455 INFO org.apache.hadoop.util.GSet: 0.25% max memory 889 MB = 2.2 MB
2018-09-11 07:02:06,456 INFO org.apache.hadoop.util.GSet: capacity      = 2^18 = 262144 entries
2018-09-11 07:02:06,474 INFO org.apache.hadoop.hdfs.server.namenode.FSNamesystem: dfs.namenode.safemode.threshold-pct = 0.9990000128746033
2018-09-11 07:02:06,475 INFO org.apache.hadoop.hdfs.server.namenode.FSNamesystem: dfs.namenode.safemode.min.datanodes = 0
2018-09-11 07:02:06,475 INFO org.apache.hadoop.hdfs.server.namenode.FSNamesystem: dfs.namenode.safemode.extension     = 30000
2018-09-11 07:02:06,490 INFO org.apache.hadoop.hdfs.server.namenode.FSNamesystem: Retry cache on namenode is enabled
2018-09-11 07:02:06,490 INFO org.apache.hadoop.hdfs.server.namenode.FSNamesystem: Retry cache will use 0.03 of total heap and retry cache entry expiry time is 600000 millis
2018-09-11 07:02:06,516 INFO org.apache.hadoop.util.GSet: Computing capacity for map NameNodeRetryCache
2018-09-11 07:02:06,534 INFO org.apache.hadoop.util.GSet: VM type       = 64-bit
2018-09-11 07:02:06,535 INFO org.apache.hadoop.util.GSet: 0.029999999329447746% max memory 889 MB = 273.1 KB
2018-09-11 07:02:06,536 INFO org.apache.hadoop.util.GSet: capacity      = 2^15 = 32768 entries
2018-09-11 07:02:06,597 INFO org.apache.hadoop.hdfs.server.namenode.NNConf: ACLs enabled? false
2018-09-11 07:02:06,598 INFO org.apache.hadoop.hdfs.server.namenode.NNConf: XAttrs enabled? true
2018-09-11 07:02:06,599 INFO org.apache.hadoop.hdfs.server.namenode.NNConf: Maximum size of an xattr: 16384
2018-09-11 07:02:06,687 INFO org.apache.hadoop.hdfs.server.common.Storage: Lock on /mydata/hadoop/dfs/name/in_use.lock acquired by nodename 3421@jiankong1
2018-09-11 07:02:07,519 INFO org.apache.hadoop.hdfs.server.namenode.FileJournalManager: Recovering unfinalized segments in /mydata/hadoop/dfs/name/current
2018-09-11 07:02:07,551 INFO org.apache.hadoop.hdfs.server.namenode.FSImage: No edit log streams selected.
2018-09-11 07:02:07,967 INFO org.apache.hadoop.hdfs.server.namenode.FSImageFormatPBINode: Loading 1 INodes.
2018-09-11 07:02:08,220 INFO org.apache.hadoop.hdfs.server.namenode.FSImageFormatProtobuf: Loaded FSImage in 0 seconds.
2018-09-11 07:02:08,221 INFO org.apache.hadoop.hdfs.server.namenode.FSImage: Loaded image for txid 0 from /mydata/hadoop/dfs/name/current/fsimage_0000000000000000000
2018-09-11 07:02:08,250 INFO org.apache.hadoop.hdfs.server.namenode.FSNamesystem: Need to save fs image? false (staleImage=false, haEnabled=false, isRollingUpgrade=false)
2018-09-11 07:02:08,253 INFO org.apache.hadoop.hdfs.server.namenode.FSEditLog: Starting log segment at 1
2018-09-11 07:02:09,643 INFO org.apache.hadoop.hdfs.server.namenode.NameCache: initialized with 0 entries 0 lookups
2018-09-11 07:02:09,644 INFO org.apache.hadoop.hdfs.server.namenode.FSNamesystem: Finished loading FSImage in 3040 msecs
2018-09-11 07:02:10,862 INFO org.apache.hadoop.hdfs.server.namenode.NameNode: RPC server is binding to jiankong1:8020
2018-09-11 07:02:10,889 INFO org.apache.hadoop.ipc.CallQueueManager: Using callQueue: class java.util.concurrent.LinkedBlockingQueue queueCapacity: 1000
2018-09-11 07:02:10,942 INFO org.apache.hadoop.ipc.Server: Starting Socket Reader #1 for port 8020
2018-09-11 07:02:11,089 INFO org.apache.hadoop.hdfs.server.namenode.FSNamesystem: Registered FSNamesystemState MBean
2018-09-11 07:02:11,100 WARN org.apache.hadoop.hdfs.server.common.Util: Path /mydata/hadoop/dfs/name should be specified as a URI in configuration files. Please update hdfs configuration.
2018-09-11 07:02:11,138 INFO org.apache.hadoop.hdfs.server.namenode.LeaseManager: Number of blocks under construction: 0
2018-09-11 07:02:11,139 INFO org.apache.hadoop.hdfs.server.namenode.LeaseManager: Number of blocks under construction: 0
2018-09-11 07:02:11,140 INFO org.apache.hadoop.hdfs.server.namenode.FSNamesystem: initializing replication queues
2018-09-11 07:02:11,143 INFO org.apache.hadoop.hdfs.StateChange: STATE* Leaving safe mode after 7 secs
2018-09-11 07:02:11,144 INFO org.apache.hadoop.hdfs.StateChange: STATE* Network topology has 0 racks and 0 datanodes
2018-09-11 07:02:11,144 INFO org.apache.hadoop.hdfs.StateChange: STATE* UnderReplicatedBlocks has 0 blocks
2018-09-11 07:02:11,270 INFO org.apache.hadoop.hdfs.server.blockmanagement.BlockManager: Total number of blocks            = 0
2018-09-11 07:02:11,281 INFO org.apache.hadoop.hdfs.server.blockmanagement.BlockManager: Number of invalid blocks          = 0
2018-09-11 07:02:11,281 INFO org.apache.hadoop.hdfs.server.blockmanagement.BlockManager: Number of under-replicated blocks = 0
2018-09-11 07:02:11,281 INFO org.apache.hadoop.hdfs.server.blockmanagement.BlockManager: Number of  over-replicated blocks = 0
2018-09-11 07:02:11,282 INFO org.apache.hadoop.hdfs.server.blockmanagement.BlockManager: Number of blocks being written    = 0
2018-09-11 07:02:11,282 INFO org.apache.hadoop.hdfs.StateChange: STATE* Replication Queue initialization scan for invalid, over- and under-replicated blocks completed in 133 msec
2018-09-11 07:02:11,400 INFO org.apache.hadoop.ipc.Server: IPC Server listener on 8020: starting
2018-09-11 07:02:11,390 INFO org.apache.hadoop.ipc.Server: IPC Server Responder: starting
2018-09-11 07:02:11,469 INFO org.apache.hadoop.hdfs.server.namenode.NameNode: NameNode RPC up at: jiankong1/10.11.10.211:8020
2018-09-11 07:02:11,475 INFO org.apache.hadoop.hdfs.server.namenode.FSNamesystem: Starting services required for active state
2018-09-11 07:02:11,542 INFO org.apache.hadoop.hdfs.server.blockmanagement.CacheReplicationMonitor: Starting CacheReplicationMonitor with interval 30000 milliseconds
2018-09-11 07:02:54,597 INFO org.apache.hadoop.hdfs.StateChange: BLOCK* registerDatanode: from DatanodeRegistration(10.11.10.211, datanodeUuid=7ec19af6-9227-4898-9a73-58e3f1ae3953, infoPort=50075, ipcPort=50020, storageInfo=lv=-56;cid=CID-86feef58-0bf5-4189-b5ed-e776a114d94a;nsid=857891644;c=0) storage 7ec19af6-9227-4898-9a73-58e3f1ae3953
2018-09-11 07:02:54,637 INFO org.apache.hadoop.hdfs.server.blockmanagement.DatanodeDescriptor: Number of failed storage changes from 0 to 0
2018-09-11 07:02:54,640 INFO org.apache.hadoop.net.NetworkTopology: Adding a new node: /default-rack/10.11.10.211:50010
2018-09-11 07:02:54,940 INFO org.apache.hadoop.hdfs.server.blockmanagement.DatanodeDescriptor: Number of failed storage changes from 0 to 0
2018-09-11 07:02:54,941 INFO org.apache.hadoop.hdfs.server.blockmanagement.DatanodeDescriptor: Adding new storage ID DS-917fc44a-c9ca-46ec-bcc7-80ab4d942d91 for DN 10.11.10.211:50010
2018-09-11 07:02:55,087 INFO org.apache.hadoop.hdfs.server.blockmanagement.BlockManager: BLOCK* processReport: Received first block report from DatanodeStorage[DS-917fc44a-c9ca-46ec-bcc7-80ab4d942d91,DISK,NORMAL] after starting up or becoming active. Its block contents are no longer considered stale
2018-09-11 07:02:55,089 INFO BlockStateChange: BLOCK* processReport: from storage DS-917fc44a-c9ca-46ec-bcc7-80ab4d942d91 node DatanodeRegistration(10.11.10.211, datanodeUuid=7ec19af6-9227-4898-9a73-58e3f1ae3953, infoPort=50075, ipcPort=50020, storageInfo=lv=-56;cid=CID-86feef58-0bf5-4189-b5ed-e776a114d94a;nsid=857891644;c=0), blocks: 0, hasStaleStorages: false, processing time: 5 msecs
2018-09-11 07:03:23,299 INFO org.apache.hadoop.hdfs.server.namenode.FSNamesystem: Roll Edit Log from 10.11.10.211
2018-09-11 07:03:23,300 INFO org.apache.hadoop.hdfs.server.namenode.FSEditLog: Rolling edit logs
2018-09-11 07:03:23,301 INFO org.apache.hadoop.hdfs.server.namenode.FSEditLog: Ending log segment 1
2018-09-11 07:03:23,302 INFO org.apache.hadoop.hdfs.server.namenode.FSEditLog: Number of transactions: 2 Total time for transactions(ms): 4 Number of transactions batched in Syncs: 0 Number of syncs: 2 SyncTimes(ms): 52 
2018-09-11 07:03:23,306 INFO org.apache.hadoop.hdfs.server.namenode.FSEditLog: Number of transactions: 2 Total time for transactions(ms): 4 Number of transactions batched in Syncs: 0 Number of syncs: 3 SyncTimes(ms): 55 
2018-09-11 07:03:23,311 INFO org.apache.hadoop.hdfs.server.namenode.FileJournalManager: Finalizing edits file /mydata/hadoop/dfs/name/current/edits_inprogress_0000000000000000001 -> /mydata/hadoop/dfs/name/current/edits_0000000000000000001-0000000000000000002
2018-09-11 07:03:23,320 INFO org.apache.hadoop.hdfs.server.namenode.FSEditLog: Starting log segment at 3
2018-09-11 07:03:26,017 INFO org.apache.hadoop.hdfs.server.namenode.TransferFsImage: Transfer took 0.02s at 0.00 KB/s
2018-09-11 07:03:26,018 INFO org.apache.hadoop.hdfs.server.namenode.TransferFsImage: Downloaded file fsimage.ckpt_0000000000000000002 size 321 bytes.
2018-09-11 07:03:26,044 INFO org.apache.hadoop.hdfs.server.namenode.NNStorageRetentionManager: Going to retain 2 images with txid >= 0
2018-09-11 07:04:36,548 ERROR org.apache.hadoop.hdfs.server.namenode.NameNode: RECEIVED SIGNAL 15: SIGTERM
2018-09-11 07:04:36,560 INFO org.apache.hadoop.hdfs.server.namenode.NameNode: SHUTDOWN_MSG: 
/************************************************************
SHUTDOWN_MSG: Shutting down NameNode at jiankong1/10.11.10.211
************************************************************/
2018-09-11 07:07:10,919 INFO org.apache.hadoop.hdfs.server.namenode.NameNode: STARTUP_MSG: 
/************************************************************
STARTUP_MSG: Starting NameNode
STARTUP_MSG:   host = jiankong1/10.11.10.211
STARTUP_MSG:   args = []
STARTUP_MSG:   version = 2.6.5
STARTUP_MSG:   classpath = /usr/local/hadoop-2.6.5/etc/hadoop:/usr/local/hadoop-2.6.5/share/hadoop/common/lib/gson-2.2.4.jar:/usr/local/hadoop-2.6.5/share/hadoop/common/lib/xz-1.0.jar:/usr/local/hadoop-2.6.5/share/hadoop/common/lib/api-util-1.0.0-M20.jar:/usr/local/hadoop-2.6.5/share/hadoop/common/lib/jackson-core-asl-1.9.13.jar:/usr/local/hadoop-2.6.5/share/hadoop/common/lib/apacheds-i18n-2.0.0-M15.jar:/usr/local/hadoop-2.6.5/share/hadoop/common/lib/htrace-core-3.0.4.jar:/usr/local/hadoop-2.6.5/share/hadoop/common/lib/commons-httpclient-3.1.jar:/usr/local/hadoop-2.6.5/share/hadoop/common/lib/jersey-json-1.9.jar:/usr/local/hadoop-2.6.5/share/hadoop/common/lib/commons-compress-1.4.1.jar:/usr/local/hadoop-2.6.5/share/hadoop/common/lib/jettison-1.1.jar:/usr/local/hadoop-2.6.5/share/hadoop/common/lib/jsp-api-2.1.jar:/usr/local/hadoop-2.6.5/share/hadoop/common/lib/protobuf-java-2.5.0.jar:/usr/local/hadoop-2.6.5/share/hadoop/common/lib/slf4j-api-1.7.5.jar:/usr/local/hadoop-2.6.5/share/hadoop/common/lib/jetty-util-6.1.26.jar:/usr/local/hadoop-2.6.5/share/hadoop/common/lib/activation-1.1.jar:/usr/local/hadoop-2.6.5/share/hadoop/common/lib/api-asn1-api-1.0.0-M20.jar:/usr/local/hadoop-2.6.5/share/hadoop/common/lib/apacheds-kerberos-codec-2.0.0-M15.jar:/usr/local/hadoop-2.6.5/share/hadoop/common/lib/jackson-mapper-asl-1.9.13.jar:/usr/local/hadoop-2.6.5/share/hadoop/common/lib/zookeeper-3.4.6.jar:/usr/local/hadoop-2.6.5/share/hadoop/common/lib/paranamer-2.3.jar:/usr/local/hadoop-2.6.5/share/hadoop/common/lib/commons-beanutils-1.7.0.jar:/usr/local/hadoop-2.6.5/share/hadoop/common/lib/jets3t-0.9.0.jar:/usr/local/hadoop-2.6.5/share/hadoop/common/lib/jsch-0.1.42.jar:/usr/local/hadoop-2.6.5/share/hadoop/common/lib/junit-4.11.jar:/usr/local/hadoop-2.6.5/share/hadoop/common/lib/commons-beanutils-core-1.8.0.jar:/usr/local/hadoop-2.6.5/share/hadoop/common/lib/servlet-api-2.5.jar:/usr/local/hadoop-2.6.5/share/hadoop/common/lib/xmlenc-0.52.jar:/usr/local/hadoop-2.6.5/share/hadoop/common/lib/avro-1.7.4.jar:/usr/local/hadoop-2.6.5/share/hadoop/common/lib/commons-io-2.4.jar:/usr/local/hadoop-2.6.5/share/hadoop/common/lib/hamcrest-core-1.3.jar:/usr/local/hadoop-2.6.5/share/hadoop/common/lib/mockito-all-1.8.5.jar:/usr/local/hadoop-2.6.5/share/hadoop/common/lib/httpclient-4.2.5.jar:/usr/local/hadoop-2.6.5/share/hadoop/common/lib/jackson-xc-1.9.13.jar:/usr/local/hadoop-2.6.5/share/hadoop/common/lib/jaxb-api-2.2.2.jar:/usr/local/hadoop-2.6.5/share/hadoop/common/lib/jaxb-impl-2.2.3-1.jar:/usr/local/hadoop-2.6.5/share/hadoop/common/lib/httpcore-4.2.5.jar:/usr/local/hadoop-2.6.5/share/hadoop/common/lib/hadoop-annotations-2.6.5.jar:/usr/local/hadoop-2.6.5/share/hadoop/common/lib/jersey-core-1.9.jar:/usr/local/hadoop-2.6.5/share/hadoop/common/lib/commons-collections-3.2.2.jar:/usr/local/hadoop-2.6.5/share/hadoop/common/lib/log4j-1.2.17.jar:/usr/local/hadoop-2.6.5/share/hadoop/common/lib/commons-lang-2.6.jar:/usr/local/hadoop-2.6.5/share/hadoop/common/lib/jetty-6.1.26.jar:/usr/local/hadoop-2.6.5/share/hadoop/common/lib/commons-logging-1.1.3.jar:/usr/local/hadoop-2.6.5/share/hadoop/common/lib/commons-cli-1.2.jar:/usr/local/hadoop-2.6.5/share/hadoop/common/lib/jasper-runtime-5.5.23.jar:/usr/local/hadoop-2.6.5/share/hadoop/common/lib/slf4j-log4j12-1.7.5.jar:/usr/local/hadoop-2.6.5/share/hadoop/common/lib/snappy-java-1.0.4.1.jar:/usr/local/hadoop-2.6.5/share/hadoop/common/lib/commons-codec-1.4.jar:/usr/local/hadoop-2.6.5/share/hadoop/common/lib/guava-11.0.2.jar:/usr/local/hadoop-2.6.5/share/hadoop/common/lib/asm-3.2.jar:/usr/local/hadoop-2.6.5/share/hadoop/common/lib/curator-client-2.6.0.jar:/usr/local/hadoop-2.6.5/share/hadoop/common/lib/jsr305-1.3.9.jar:/usr/local/hadoop-2.6.5/share/hadoop/common/lib/curator-recipes-2.6.0.jar:/usr/local/hadoop-2.6.5/share/hadoop/common/lib/commons-math3-3.1.1.jar:/usr/local/hadoop-2.6.5/share/hadoop/common/lib/curator-framework-2.6.0.jar:/usr/local/hadoop-2.6.5/share/hadoop/common/lib/hadoop-auth-2.6.5.jar:/usr/local/hadoop-2.6.5/share/hadoop/common/lib/java-xmlbuilder-0.4.jar:/usr/local/hadoop-2.6.5/share/hadoop/common/lib/commons-net-3.1.jar:/usr/local/hadoop-2.6.5/share/hadoop/common/lib/netty-3.6.2.Final.jar:/usr/local/hadoop-2.6.5/share/hadoop/common/lib/jersey-server-1.9.jar:/usr/local/hadoop-2.6.5/share/hadoop/common/lib/commons-digester-1.8.jar:/usr/local/hadoop-2.6.5/share/hadoop/common/lib/jasper-compiler-5.5.23.jar:/usr/local/hadoop-2.6.5/share/hadoop/common/lib/jackson-jaxrs-1.9.13.jar:/usr/local/hadoop-2.6.5/share/hadoop/common/lib/stax-api-1.0-2.jar:/usr/local/hadoop-2.6.5/share/hadoop/common/lib/commons-configuration-1.6.jar:/usr/local/hadoop-2.6.5/share/hadoop/common/lib/commons-el-1.0.jar:/usr/local/hadoop-2.6.5/share/hadoop/common/hadoop-nfs-2.6.5.jar:/usr/local/hadoop-2.6.5/share/hadoop/common/hadoop-common-2.6.5.jar:/usr/local/hadoop-2.6.5/share/hadoop/common/hadoop-common-2.6.5-tests.jar:/usr/local/hadoop-2.6.5/share/hadoop/hdfs:/usr/local/hadoop-2.6.5/share/hadoop/hdfs/lib/jackson-core-asl-1.9.13.jar:/usr/local/hadoop-2.6.5/share/hadoop/hdfs/lib/htrace-core-3.0.4.jar:/usr/local/hadoop-2.6.5/share/hadoop/hdfs/lib/jsp-api-2.1.jar:/usr/local/hadoop-2.6.5/share/hadoop/hdfs/lib/protobuf-java-2.5.0.jar:/usr/local/hadoop-2.6.5/share/hadoop/hdfs/lib/jetty-util-6.1.26.jar:/usr/local/hadoop-2.6.5/share/hadoop/hdfs/lib/jackson-mapper-asl-1.9.13.jar:/usr/local/hadoop-2.6.5/share/hadoop/hdfs/lib/xml-apis-1.3.04.jar:/usr/local/hadoop-2.6.5/share/hadoop/hdfs/lib/servlet-api-2.5.jar:/usr/local/hadoop-2.6.5/share/hadoop/hdfs/lib/xmlenc-0.52.jar:/usr/local/hadoop-2.6.5/share/hadoop/hdfs/lib/commons-io-2.4.jar:/usr/local/hadoop-2.6.5/share/hadoop/hdfs/lib/jersey-core-1.9.jar:/usr/local/hadoop-2.6.5/share/hadoop/hdfs/lib/log4j-1.2.17.jar:/usr/local/hadoop-2.6.5/share/hadoop/hdfs/lib/commons-lang-2.6.jar:/usr/local/hadoop-2.6.5/share/hadoop/hdfs/lib/jetty-6.1.26.jar:/usr/local/hadoop-2.6.5/share/hadoop/hdfs/lib/commons-logging-1.1.3.jar:/usr/local/hadoop-2.6.5/share/hadoop/hdfs/lib/commons-cli-1.2.jar:/usr/local/hadoop-2.6.5/share/hadoop/hdfs/lib/jasper-runtime-5.5.23.jar:/usr/local/hadoop-2.6.5/share/hadoop/hdfs/lib/commons-codec-1.4.jar:/usr/local/hadoop-2.6.5/share/hadoop/hdfs/lib/guava-11.0.2.jar:/usr/local/hadoop-2.6.5/share/hadoop/hdfs/lib/asm-3.2.jar:/usr/local/hadoop-2.6.5/share/hadoop/hdfs/lib/jsr305-1.3.9.jar:/usr/local/hadoop-2.6.5/share/hadoop/hdfs/lib/netty-3.6.2.Final.jar:/usr/local/hadoop-2.6.5/share/hadoop/hdfs/lib/commons-daemon-1.0.13.jar:/usr/local/hadoop-2.6.5/share/hadoop/hdfs/lib/jersey-server-1.9.jar:/usr/local/hadoop-2.6.5/share/hadoop/hdfs/lib/commons-el-1.0.jar:/usr/local/hadoop-2.6.5/share/hadoop/hdfs/lib/xercesImpl-2.9.1.jar:/usr/local/hadoop-2.6.5/share/hadoop/hdfs/hadoop-hdfs-nfs-2.6.5.jar:/usr/local/hadoop-2.6.5/share/hadoop/hdfs/hadoop-hdfs-2.6.5.jar:/usr/local/hadoop-2.6.5/share/hadoop/hdfs/hadoop-hdfs-2.6.5-tests.jar:/usr/local/hadoop-2.6.5/share/hadoop/yarn/lib/jersey-client-1.9.jar:/usr/local/hadoop-2.6.5/share/hadoop/yarn/lib/xz-1.0.jar:/usr/local/hadoop-2.6.5/share/hadoop/yarn/lib/jackson-core-asl-1.9.13.jar:/usr/local/hadoop-2.6.5/share/hadoop/yarn/lib/commons-httpclient-3.1.jar:/usr/local/hadoop-2.6.5/share/hadoop/yarn/lib/jersey-json-1.9.jar:/usr/local/hadoop-2.6.5/share/hadoop/yarn/lib/commons-compress-1.4.1.jar:/usr/local/hadoop-2.6.5/share/hadoop/yarn/lib/jettison-1.1.jar:/usr/local/hadoop-2.6.5/share/hadoop/yarn/lib/protobuf-java-2.5.0.jar:/usr/local/hadoop-2.6.5/share/hadoop/yarn/lib/jetty-util-6.1.26.jar:/usr/local/hadoop-2.6.5/share/hadoop/yarn/lib/activation-1.1.jar:/usr/local/hadoop-2.6.5/share/hadoop/yarn/lib/jackson-mapper-asl-1.9.13.jar:/usr/local/hadoop-2.6.5/share/hadoop/yarn/lib/zookeeper-3.4.6.jar:/usr/local/hadoop-2.6.5/share/hadoop/yarn/lib/jline-0.9.94.jar:/usr/local/hadoop-2.6.5/share/hadoop/yarn/lib/servlet-api-2.5.jar:/usr/local/hadoop-2.6.5/share/hadoop/yarn/lib/aopalliance-1.0.jar:/usr/local/hadoop-2.6.5/share/hadoop/yarn/lib/commons-io-2.4.jar:/usr/local/hadoop-2.6.5/share/hadoop/yarn/lib/jackson-xc-1.9.13.jar:/usr/local/hadoop-2.6.5/share/hadoop/yarn/lib/jersey-guice-1.9.jar:/usr/local/hadoop-2.6.5/share/hadoop/yarn/lib/jaxb-api-2.2.2.jar:/usr/local/hadoop-2.6.5/share/hadoop/yarn/lib/jaxb-impl-2.2.3-1.jar:/usr/local/hadoop-2.6.5/share/hadoop/yarn/lib/jersey-core-1.9.jar:/usr/local/hadoop-2.6.5/share/hadoop/yarn/lib/commons-collections-3.2.2.jar:/usr/local/hadoop-2.6.5/share/hadoop/yarn/lib/log4j-1.2.17.jar:/usr/local/hadoop-2.6.5/share/hadoop/yarn/lib/commons-lang-2.6.jar:/usr/local/hadoop-2.6.5/share/hadoop/yarn/lib/jetty-6.1.26.jar:/usr/local/hadoop-2.6.5/share/hadoop/yarn/lib/commons-logging-1.1.3.jar:/usr/local/hadoop-2.6.5/share/hadoop/yarn/lib/commons-cli-1.2.jar:/usr/local/hadoop-2.6.5/share/hadoop/yarn/lib/commons-codec-1.4.jar:/usr/local/hadoop-2.6.5/share/hadoop/yarn/lib/guava-11.0.2.jar:/usr/local/hadoop-2.6.5/share/hadoop/yarn/lib/asm-3.2.jar:/usr/local/hadoop-2.6.5/share/hadoop/yarn/lib/jsr305-1.3.9.jar:/usr/local/hadoop-2.6.5/share/hadoop/yarn/lib/leveldbjni-all-1.8.jar:/usr/local/hadoop-2.6.5/share/hadoop/yarn/lib/netty-3.6.2.Final.jar:/usr/local/hadoop-2.6.5/share/hadoop/yarn/lib/jersey-server-1.9.jar:/usr/local/hadoop-2.6.5/share/hadoop/yarn/lib/guice-3.0.jar:/usr/local/hadoop-2.6.5/share/hadoop/yarn/lib/guice-servlet-3.0.jar:/usr/local/hadoop-2.6.5/share/hadoop/yarn/lib/jackson-jaxrs-1.9.13.jar:/usr/local/hadoop-2.6.5/share/hadoop/yarn/lib/stax-api-1.0-2.jar:/usr/local/hadoop-2.6.5/share/hadoop/yarn/lib/javax.inject-1.jar:/usr/local/hadoop-2.6.5/share/hadoop/yarn/hadoop-yarn-server-resourcemanager-2.6.5.jar:/usr/local/hadoop-2.6.5/share/hadoop/yarn/hadoop-yarn-server-tests-2.6.5.jar:/usr/local/hadoop-2.6.5/share/hadoop/yarn/hadoop-yarn-server-nodemanager-2.6.5.jar:/usr/local/hadoop-2.6.5/share/hadoop/yarn/hadoop-yarn-api-2.6.5.jar:/usr/local/hadoop-2.6.5/share/hadoop/yarn/hadoop-yarn-server-applicationhistoryservice-2.6.5.jar:/usr/local/hadoop-2.6.5/share/hadoop/yarn/hadoop-yarn-client-2.6.5.jar:/usr/local/hadoop-2.6.5/share/hadoop/yarn/hadoop-yarn-common-2.6.5.jar:/usr/local/hadoop-2.6.5/share/hadoop/yarn/hadoop-yarn-server-common-2.6.5.jar:/usr/local/hadoop-2.6.5/share/hadoop/yarn/hadoop-yarn-applications-distributedshell-2.6.5.jar:/usr/local/hadoop-2.6.5/share/hadoop/yarn/hadoop-yarn-server-web-proxy-2.6.5.jar:/usr/local/hadoop-2.6.5/share/hadoop/yarn/hadoop-yarn-applications-unmanaged-am-launcher-2.6.5.jar:/usr/local/hadoop-2.6.5/share/hadoop/yarn/hadoop-yarn-registry-2.6.5.jar:/usr/local/hadoop-2.6.5/share/hadoop/mapreduce/lib/xz-1.0.jar:/usr/local/hadoop-2.6.5/share/hadoop/mapreduce/lib/jackson-core-asl-1.9.13.jar:/usr/local/hadoop-2.6.5/share/hadoop/mapreduce/lib/commons-compress-1.4.1.jar:/usr/local/hadoop-2.6.5/share/hadoop/mapreduce/lib/protobuf-java-2.5.0.jar:/usr/local/hadoop-2.6.5/share/hadoop/mapreduce/lib/jackson-mapper-asl-1.9.13.jar:/usr/local/hadoop-2.6.5/share/hadoop/mapreduce/lib/paranamer-2.3.jar:/usr/local/hadoop-2.6.5/share/hadoop/mapreduce/lib/junit-4.11.jar:/usr/local/hadoop-2.6.5/share/hadoop/mapreduce/lib/aopalliance-1.0.jar:/usr/local/hadoop-2.6.5/share/hadoop/mapreduce/lib/avro-1.7.4.jar:/usr/local/hadoop-2.6.5/share/hadoop/mapreduce/lib/commons-io-2.4.jar:/usr/local/hadoop-2.6.5/share/hadoop/mapreduce/lib/hamcrest-core-1.3.jar:/usr/local/hadoop-2.6.5/share/hadoop/mapreduce/lib/jersey-guice-1.9.jar:/usr/local/hadoop-2.6.5/share/hadoop/mapreduce/lib/hadoop-annotations-2.6.5.jar:/usr/local/hadoop-2.6.5/share/hadoop/mapreduce/lib/jersey-core-1.9.jar:/usr/local/hadoop-2.6.5/share/hadoop/mapreduce/lib/log4j-1.2.17.jar:/usr/local/hadoop-2.6.5/share/hadoop/mapreduce/lib/snappy-java-1.0.4.1.jar:/usr/local/hadoop-2.6.5/share/hadoop/mapreduce/lib/asm-3.2.jar:/usr/local/hadoop-2.6.5/share/hadoop/mapreduce/lib/leveldbjni-all-1.8.jar:/usr/local/hadoop-2.6.5/share/hadoop/mapreduce/lib/netty-3.6.2.Final.jar:/usr/local/hadoop-2.6.5/share/hadoop/mapreduce/lib/jersey-server-1.9.jar:/usr/local/hadoop-2.6.5/share/hadoop/mapreduce/lib/guice-3.0.jar:/usr/local/hadoop-2.6.5/share/hadoop/mapreduce/lib/guice-servlet-3.0.jar:/usr/local/hadoop-2.6.5/share/hadoop/mapreduce/lib/javax.inject-1.jar:/usr/local/hadoop-2.6.5/share/hadoop/mapreduce/hadoop-mapreduce-client-hs-plugins-2.6.5.jar:/usr/local/hadoop-2.6.5/share/hadoop/mapreduce/hadoop-mapreduce-client-jobclient-2.6.5.jar:/usr/local/hadoop-2.6.5/share/hadoop/mapreduce/hadoop-mapreduce-client-hs-2.6.5.jar:/usr/local/hadoop-2.6.5/share/hadoop/mapreduce/hadoop-mapreduce-client-app-2.6.5.jar:/usr/local/hadoop-2.6.5/share/hadoop/mapreduce/hadoop-mapreduce-client-core-2.6.5.jar:/usr/local/hadoop-2.6.5/share/hadoop/mapreduce/hadoop-mapreduce-client-jobclient-2.6.5-tests.jar:/usr/local/hadoop-2.6.5/share/hadoop/mapreduce/hadoop-mapreduce-examples-2.6.5.jar:/usr/local/hadoop-2.6.5/share/hadoop/mapreduce/hadoop-mapreduce-client-common-2.6.5.jar:/usr/local/hadoop-2.6.5/share/hadoop/mapreduce/hadoop-mapreduce-client-shuffle-2.6.5.jar:/contrib/capacity-scheduler/*.jar:/contrib/capacity-scheduler/*.jar:/contrib/capacity-scheduler/*.jar
STARTUP_MSG:   build = https://github.com/apache/hadoop.git -r e8c9fe0b4c252caf2ebf1464220599650f119997; compiled by 'sjlee' on 2016-10-02T23:43Z
STARTUP_MSG:   java = 1.8.0_171
************************************************************/
2018-09-11 07:07:10,971 INFO org.apache.hadoop.hdfs.server.namenode.NameNode: registered UNIX signal handlers for [TERM, HUP, INT]
2018-09-11 07:07:10,981 INFO org.apache.hadoop.hdfs.server.namenode.NameNode: createNameNode []
2018-09-11 07:07:12,375 INFO org.apache.hadoop.metrics2.impl.MetricsConfig: loaded properties from hadoop-metrics2.properties
2018-09-11 07:07:12,812 INFO org.apache.hadoop.metrics2.impl.MetricsSystemImpl: Scheduled snapshot period at 10 second(s).
2018-09-11 07:07:12,813 INFO org.apache.hadoop.metrics2.impl.MetricsSystemImpl: NameNode metrics system started
2018-09-11 07:07:12,819 INFO org.apache.hadoop.hdfs.server.namenode.NameNode: fs.defaultFS is hdfs://10.11.10.211:8020
2018-09-11 07:07:12,823 INFO org.apache.hadoop.hdfs.server.namenode.NameNode: Clients are to use 10.11.10.211:8020 to access this namenode/service.
2018-09-11 07:07:13,884 INFO org.apache.hadoop.hdfs.DFSUtil: Starting Web-server for hdfs at: http://jiankong1:50070
2018-09-11 07:07:14,102 INFO org.mortbay.log: Logging to org.slf4j.impl.Log4jLoggerAdapter(org.mortbay.log) via org.mortbay.log.Slf4jLog
2018-09-11 07:07:14,124 INFO org.apache.hadoop.http.HttpRequestLog: Http request log for http.requests.namenode is not defined
2018-09-11 07:07:14,185 INFO org.apache.hadoop.http.HttpServer2: Added global filter 'safety' (class=org.apache.hadoop.http.HttpServer2$QuotingInputFilter)
2018-09-11 07:07:14,202 INFO org.apache.hadoop.http.HttpServer2: Added filter static_user_filter (class=org.apache.hadoop.http.lib.StaticUserWebFilter$StaticUserFilter) to context hdfs
2018-09-11 07:07:14,205 INFO org.apache.hadoop.http.HttpServer2: Added filter static_user_filter (class=org.apache.hadoop.http.lib.StaticUserWebFilter$StaticUserFilter) to context logs
2018-09-11 07:07:14,205 INFO org.apache.hadoop.http.HttpServer2: Added filter static_user_filter (class=org.apache.hadoop.http.lib.StaticUserWebFilter$StaticUserFilter) to context static
2018-09-11 07:07:14,327 INFO org.apache.hadoop.http.HttpServer2: Added filter 'org.apache.hadoop.hdfs.web.AuthFilter' (class=org.apache.hadoop.hdfs.web.AuthFilter)
2018-09-11 07:07:14,331 INFO org.apache.hadoop.http.HttpServer2: addJerseyResourcePackage: packageName=org.apache.hadoop.hdfs.server.namenode.web.resources;org.apache.hadoop.hdfs.web.resources, pathSpec=/webhdfs/v1/*
2018-09-11 07:07:14,398 INFO org.apache.hadoop.http.HttpServer2: Jetty bound to port 50070
2018-09-11 07:07:14,399 INFO org.mortbay.log: jetty-6.1.26
2018-09-11 07:07:15,756 INFO org.mortbay.log: Started HttpServer2$SelectChannelConnectorWithSafeStartup@jiankong1:50070
2018-09-11 07:07:15,950 WARN org.apache.hadoop.hdfs.server.common.Util: Path /mydata/hadoop/dfs/name should be specified as a URI in configuration files. Please update hdfs configuration.
2018-09-11 07:07:15,952 WARN org.apache.hadoop.hdfs.server.common.Util: Path /mydata/hadoop/dfs/name should be specified as a URI in configuration files. Please update hdfs configuration.
2018-09-11 07:07:15,954 WARN org.apache.hadoop.hdfs.server.namenode.FSNamesystem: Only one image storage directory (dfs.namenode.name.dir) configured. Beware of data loss due to lack of redundant storage directories!
2018-09-11 07:07:15,954 WARN org.apache.hadoop.hdfs.server.namenode.FSNamesystem: Only one namespace edits storage directory (dfs.namenode.edits.dir) configured. Beware of data loss due to lack of redundant storage directories!
2018-09-11 07:07:15,976 WARN org.apache.hadoop.hdfs.server.common.Util: Path /mydata/hadoop/dfs/name should be specified as a URI in configuration files. Please update hdfs configuration.
2018-09-11 07:07:15,978 WARN org.apache.hadoop.hdfs.server.common.Util: Path /mydata/hadoop/dfs/name should be specified as a URI in configuration files. Please update hdfs configuration.
2018-09-11 07:07:16,119 INFO org.apache.hadoop.hdfs.server.namenode.FSNamesystem: No KeyProvider found.
2018-09-11 07:07:16,157 INFO org.apache.hadoop.hdfs.server.namenode.FSNamesystem: fsLock is fair:true
2018-09-11 07:07:16,388 INFO org.apache.hadoop.hdfs.server.blockmanagement.DatanodeManager: dfs.block.invalidate.limit=1000
2018-09-11 07:07:16,389 INFO org.apache.hadoop.hdfs.server.blockmanagement.DatanodeManager: dfs.namenode.datanode.registration.ip-hostname-check=true
2018-09-11 07:07:16,415 INFO org.apache.hadoop.hdfs.server.blockmanagement.BlockManager: dfs.namenode.startup.delay.block.deletion.sec is set to 000:00:00:00.000
2018-09-11 07:07:16,439 INFO org.apache.hadoop.hdfs.server.blockmanagement.BlockManager: The block deletion will start around 2018 Sep 11 07:07:16
2018-09-11 07:07:16,449 INFO org.apache.hadoop.util.GSet: Computing capacity for map BlocksMap
2018-09-11 07:07:16,449 INFO org.apache.hadoop.util.GSet: VM type       = 64-bit
2018-09-11 07:07:16,458 INFO org.apache.hadoop.util.GSet: 2.0% max memory 889 MB = 17.8 MB
2018-09-11 07:07:16,458 INFO org.apache.hadoop.util.GSet: capacity      = 2^21 = 2097152 entries
2018-09-11 07:07:16,522 INFO org.apache.hadoop.hdfs.server.blockmanagement.BlockManager: dfs.block.access.token.enable=false
2018-09-11 07:07:16,528 INFO org.apache.hadoop.hdfs.server.blockmanagement.BlockManager: defaultReplication         = 2
2018-09-11 07:07:16,528 INFO org.apache.hadoop.hdfs.server.blockmanagement.BlockManager: maxReplication             = 512
2018-09-11 07:07:16,529 INFO org.apache.hadoop.hdfs.server.blockmanagement.BlockManager: minReplication             = 1
2018-09-11 07:07:16,529 INFO org.apache.hadoop.hdfs.server.blockmanagement.BlockManager: maxReplicationStreams      = 2
2018-09-11 07:07:16,529 INFO org.apache.hadoop.hdfs.server.blockmanagement.BlockManager: replicationRecheckInterval = 3000
2018-09-11 07:07:16,530 INFO org.apache.hadoop.hdfs.server.blockmanagement.BlockManager: encryptDataTransfer        = false
2018-09-11 07:07:16,530 INFO org.apache.hadoop.hdfs.server.blockmanagement.BlockManager: maxNumBlocksToLog          = 1000
2018-09-11 07:07:16,562 INFO org.apache.hadoop.hdfs.server.namenode.FSNamesystem: fsOwner             = root (auth:SIMPLE)
2018-09-11 07:07:16,563 INFO org.apache.hadoop.hdfs.server.namenode.FSNamesystem: supergroup          = supergroup
2018-09-11 07:07:16,563 INFO org.apache.hadoop.hdfs.server.namenode.FSNamesystem: isPermissionEnabled = false
2018-09-11 07:07:16,564 INFO org.apache.hadoop.hdfs.server.namenode.FSNamesystem: HA Enabled: false
2018-09-11 07:07:16,572 INFO org.apache.hadoop.hdfs.server.namenode.FSNamesystem: Append Enabled: true
2018-09-11 07:07:18,889 INFO org.apache.hadoop.util.GSet: Computing capacity for map INodeMap
2018-09-11 07:07:18,903 INFO org.apache.hadoop.util.GSet: VM type       = 64-bit
2018-09-11 07:07:18,905 INFO org.apache.hadoop.util.GSet: 1.0% max memory 889 MB = 8.9 MB
2018-09-11 07:07:18,905 INFO org.apache.hadoop.util.GSet: capacity      = 2^20 = 1048576 entries
2018-09-11 07:07:18,910 INFO org.apache.hadoop.hdfs.server.namenode.NameNode: Caching file names occuring more than 10 times
2018-09-11 07:07:19,007 INFO org.apache.hadoop.util.GSet: Computing capacity for map cachedBlocks
2018-09-11 07:07:19,008 INFO org.apache.hadoop.util.GSet: VM type       = 64-bit
2018-09-11 07:07:19,009 INFO org.apache.hadoop.util.GSet: 0.25% max memory 889 MB = 2.2 MB
2018-09-11 07:07:19,009 INFO org.apache.hadoop.util.GSet: capacity      = 2^18 = 262144 entries
2018-09-11 07:07:19,026 INFO org.apache.hadoop.hdfs.server.namenode.FSNamesystem: dfs.namenode.safemode.threshold-pct = 0.9990000128746033
2018-09-11 07:07:19,027 INFO org.apache.hadoop.hdfs.server.namenode.FSNamesystem: dfs.namenode.safemode.min.datanodes = 0
2018-09-11 07:07:19,027 INFO org.apache.hadoop.hdfs.server.namenode.FSNamesystem: dfs.namenode.safemode.extension     = 30000
2018-09-11 07:07:19,034 INFO org.apache.hadoop.hdfs.server.namenode.FSNamesystem: Retry cache on namenode is enabled
2018-09-11 07:07:19,035 INFO org.apache.hadoop.hdfs.server.namenode.FSNamesystem: Retry cache will use 0.03 of total heap and retry cache entry expiry time is 600000 millis
2018-09-11 07:07:19,087 INFO org.apache.hadoop.util.GSet: Computing capacity for map NameNodeRetryCache
2018-09-11 07:07:19,088 INFO org.apache.hadoop.util.GSet: VM type       = 64-bit
2018-09-11 07:07:19,089 INFO org.apache.hadoop.util.GSet: 0.029999999329447746% max memory 889 MB = 273.1 KB
2018-09-11 07:07:19,089 INFO org.apache.hadoop.util.GSet: capacity      = 2^15 = 32768 entries
2018-09-11 07:07:19,133 INFO org.apache.hadoop.hdfs.server.namenode.NNConf: ACLs enabled? false
2018-09-11 07:07:19,134 INFO org.apache.hadoop.hdfs.server.namenode.NNConf: XAttrs enabled? true
2018-09-11 07:07:19,135 INFO org.apache.hadoop.hdfs.server.namenode.NNConf: Maximum size of an xattr: 16384
2018-09-11 07:07:19,208 INFO org.apache.hadoop.hdfs.server.common.Storage: Lock on /mydata/hadoop/dfs/name/in_use.lock acquired by nodename 4490@jiankong1
2018-09-11 07:07:19,931 INFO org.apache.hadoop.hdfs.server.namenode.FileJournalManager: Recovering unfinalized segments in /mydata/hadoop/dfs/name/current
2018-09-11 07:07:20,556 INFO org.apache.hadoop.hdfs.server.namenode.FileJournalManager: Finalizing edits file /mydata/hadoop/dfs/name/current/edits_inprogress_0000000000000000003 -> /mydata/hadoop/dfs/name/current/edits_0000000000000000003-0000000000000000003
2018-09-11 07:07:20,981 INFO org.apache.hadoop.hdfs.server.namenode.FSImageFormatPBINode: Loading 1 INodes.
2018-09-11 07:07:21,346 INFO org.apache.hadoop.hdfs.server.namenode.FSImageFormatProtobuf: Loaded FSImage in 0 seconds.
2018-09-11 07:07:21,347 INFO org.apache.hadoop.hdfs.server.namenode.FSImage: Loaded image for txid 2 from /mydata/hadoop/dfs/name/current/fsimage_0000000000000000002
2018-09-11 07:07:21,348 INFO org.apache.hadoop.hdfs.server.namenode.FSImage: Reading org.apache.hadoop.hdfs.server.namenode.RedundantEditLogInputStream@424fd310 expecting start txid #3
2018-09-11 07:07:21,350 INFO org.apache.hadoop.hdfs.server.namenode.FSImage: Start loading edits file /mydata/hadoop/dfs/name/current/edits_0000000000000000003-0000000000000000003
2018-09-11 07:07:21,365 INFO org.apache.hadoop.hdfs.server.namenode.EditLogInputStream: Fast-forwarding stream '/mydata/hadoop/dfs/name/current/edits_0000000000000000003-0000000000000000003' to transaction ID 3
2018-09-11 07:07:21,386 INFO org.apache.hadoop.hdfs.server.namenode.FSImage: Edits file /mydata/hadoop/dfs/name/current/edits_0000000000000000003-0000000000000000003 of size 1048576 edits # 1 loaded in 0 seconds
2018-09-11 07:07:21,396 INFO org.apache.hadoop.hdfs.server.namenode.FSNamesystem: Need to save fs image? false (staleImage=false, haEnabled=false, isRollingUpgrade=false)
2018-09-11 07:07:21,411 INFO org.apache.hadoop.hdfs.server.namenode.FSEditLog: Starting log segment at 4
2018-09-11 07:07:22,445 INFO org.apache.hadoop.hdfs.server.namenode.NameCache: initialized with 0 entries 0 lookups
2018-09-11 07:07:22,446 INFO org.apache.hadoop.hdfs.server.namenode.FSNamesystem: Finished loading FSImage in 3311 msecs
2018-09-11 07:07:23,318 INFO org.apache.hadoop.hdfs.server.namenode.NameNode: RPC server is binding to jiankong1:8020
2018-09-11 07:07:23,354 INFO org.apache.hadoop.ipc.CallQueueManager: Using callQueue: class java.util.concurrent.LinkedBlockingQueue queueCapacity: 1000
2018-09-11 07:07:23,419 INFO org.apache.hadoop.ipc.Server: Starting Socket Reader #1 for port 8020
2018-09-11 07:07:23,618 INFO org.apache.hadoop.hdfs.server.namenode.FSNamesystem: Registered FSNamesystemState MBean
2018-09-11 07:07:23,623 WARN org.apache.hadoop.hdfs.server.common.Util: Path /mydata/hadoop/dfs/name should be specified as a URI in configuration files. Please update hdfs configuration.
2018-09-11 07:07:23,654 INFO org.apache.hadoop.hdfs.server.namenode.LeaseManager: Number of blocks under construction: 0
2018-09-11 07:07:23,655 INFO org.apache.hadoop.hdfs.server.namenode.LeaseManager: Number of blocks under construction: 0
2018-09-11 07:07:23,655 INFO org.apache.hadoop.hdfs.server.namenode.FSNamesystem: initializing replication queues
2018-09-11 07:07:23,656 INFO org.apache.hadoop.hdfs.StateChange: STATE* Leaving safe mode after 7 secs
2018-09-11 07:07:23,658 INFO org.apache.hadoop.hdfs.StateChange: STATE* Network topology has 0 racks and 0 datanodes
2018-09-11 07:07:23,658 INFO org.apache.hadoop.hdfs.StateChange: STATE* UnderReplicatedBlocks has 0 blocks
2018-09-11 07:07:23,732 INFO org.apache.hadoop.hdfs.server.blockmanagement.BlockManager: Total number of blocks            = 0
2018-09-11 07:07:23,733 INFO org.apache.hadoop.hdfs.server.blockmanagement.BlockManager: Number of invalid blocks          = 0
2018-09-11 07:07:23,733 INFO org.apache.hadoop.hdfs.server.blockmanagement.BlockManager: Number of under-replicated blocks = 0
2018-09-11 07:07:23,734 INFO org.apache.hadoop.hdfs.server.blockmanagement.BlockManager: Number of  over-replicated blocks = 0
2018-09-11 07:07:23,734 INFO org.apache.hadoop.hdfs.server.blockmanagement.BlockManager: Number of blocks being written    = 0
2018-09-11 07:07:23,734 INFO org.apache.hadoop.hdfs.StateChange: STATE* Replication Queue initialization scan for invalid, over- and under-replicated blocks completed in 78 msec
2018-09-11 07:07:23,824 INFO org.apache.hadoop.ipc.Server: IPC Server Responder: starting
2018-09-11 07:07:23,833 INFO org.apache.hadoop.ipc.Server: IPC Server listener on 8020: starting
2018-09-11 07:07:23,850 INFO org.apache.hadoop.hdfs.server.namenode.NameNode: NameNode RPC up at: jiankong1/10.11.10.211:8020
2018-09-11 07:07:23,851 INFO org.apache.hadoop.hdfs.server.namenode.FSNamesystem: Starting services required for active state
2018-09-11 07:07:23,887 INFO org.apache.hadoop.hdfs.server.blockmanagement.CacheReplicationMonitor: Starting CacheReplicationMonitor with interval 30000 milliseconds
2018-09-11 07:08:07,070 INFO org.apache.hadoop.hdfs.StateChange: BLOCK* registerDatanode: from DatanodeRegistration(10.11.10.211, datanodeUuid=7ec19af6-9227-4898-9a73-58e3f1ae3953, infoPort=50075, ipcPort=50020, storageInfo=lv=-56;cid=CID-86feef58-0bf5-4189-b5ed-e776a114d94a;nsid=857891644;c=0) storage 7ec19af6-9227-4898-9a73-58e3f1ae3953
2018-09-11 07:08:07,109 INFO org.apache.hadoop.hdfs.server.blockmanagement.DatanodeDescriptor: Number of failed storage changes from 0 to 0
2018-09-11 07:08:07,114 INFO org.apache.hadoop.net.NetworkTopology: Adding a new node: /default-rack/10.11.10.211:50010
2018-09-11 07:08:07,421 INFO org.apache.hadoop.hdfs.server.blockmanagement.DatanodeDescriptor: Number of failed storage changes from 0 to 0
2018-09-11 07:08:07,422 INFO org.apache.hadoop.hdfs.server.blockmanagement.DatanodeDescriptor: Adding new storage ID DS-917fc44a-c9ca-46ec-bcc7-80ab4d942d91 for DN 10.11.10.211:50010
2018-09-11 07:08:07,574 INFO org.apache.hadoop.hdfs.server.blockmanagement.BlockManager: BLOCK* processReport: Received first block report from DatanodeStorage[DS-917fc44a-c9ca-46ec-bcc7-80ab4d942d91,DISK,NORMAL] after starting up or becoming active. Its block contents are no longer considered stale
2018-09-11 07:08:07,576 INFO BlockStateChange: BLOCK* processReport: from storage DS-917fc44a-c9ca-46ec-bcc7-80ab4d942d91 node DatanodeRegistration(10.11.10.211, datanodeUuid=7ec19af6-9227-4898-9a73-58e3f1ae3953, infoPort=50075, ipcPort=50020, storageInfo=lv=-56;cid=CID-86feef58-0bf5-4189-b5ed-e776a114d94a;nsid=857891644;c=0), blocks: 0, hasStaleStorages: false, processing time: 6 msecs
2018-09-11 07:08:36,605 INFO org.apache.hadoop.hdfs.server.namenode.FSNamesystem: Roll Edit Log from 10.11.10.211
2018-09-11 07:08:36,606 INFO org.apache.hadoop.hdfs.server.namenode.FSEditLog: Rolling edit logs
2018-09-11 07:08:36,607 INFO org.apache.hadoop.hdfs.server.namenode.FSEditLog: Ending log segment 4
2018-09-11 07:08:36,610 INFO org.apache.hadoop.hdfs.server.namenode.FSEditLog: Number of transactions: 2 Total time for transactions(ms): 2 Number of transactions batched in Syncs: 0 Number of syncs: 2 SyncTimes(ms): 39 
2018-09-11 07:08:36,614 INFO org.apache.hadoop.hdfs.server.namenode.FSEditLog: Number of transactions: 2 Total time for transactions(ms): 2 Number of transactions batched in Syncs: 0 Number of syncs: 3 SyncTimes(ms): 41 
2018-09-11 07:08:36,618 INFO org.apache.hadoop.hdfs.server.namenode.FileJournalManager: Finalizing edits file /mydata/hadoop/dfs/name/current/edits_inprogress_0000000000000000004 -> /mydata/hadoop/dfs/name/current/edits_0000000000000000004-0000000000000000005
2018-09-11 07:08:36,619 INFO org.apache.hadoop.hdfs.server.namenode.FSEditLog: Starting log segment at 6
2018-09-11 07:08:40,143 INFO org.apache.hadoop.hdfs.server.namenode.TransferFsImage: Transfer took 0.02s at 0.00 KB/s
2018-09-11 07:08:40,143 INFO org.apache.hadoop.hdfs.server.namenode.TransferFsImage: Downloaded file fsimage.ckpt_0000000000000000005 size 321 bytes.
2018-09-11 07:08:40,163 INFO org.apache.hadoop.hdfs.server.namenode.NNStorageRetentionManager: Going to retain 2 images with txid >= 2
2018-09-11 07:08:40,164 INFO org.apache.hadoop.hdfs.server.namenode.NNStorageRetentionManager: Purging old image FSImageFile(file=/mydata/hadoop/dfs/name/current/fsimage_0000000000000000000, cpktTxId=0000000000000000000)
2018-09-11 07:09:11,627 ERROR org.apache.hadoop.hdfs.server.namenode.NameNode: RECEIVED SIGNAL 15: SIGTERM
2018-09-11 07:09:11,632 INFO org.apache.hadoop.hdfs.server.namenode.NameNode: SHUTDOWN_MSG: 
/************************************************************
SHUTDOWN_MSG: Shutting down NameNode at jiankong1/10.11.10.211
************************************************************/
2018-09-11 07:12:12,662 INFO org.apache.hadoop.hdfs.server.namenode.NameNode: STARTUP_MSG: 
/************************************************************
STARTUP_MSG: Starting NameNode
STARTUP_MSG:   host = jiankong1/10.11.10.211
STARTUP_MSG:   args = []
STARTUP_MSG:   version = 2.6.5
STARTUP_MSG:   classpath = /usr/local/hadoop-2.6.5/etc/hadoop:/usr/local/hadoop-2.6.5/share/hadoop/common/lib/gson-2.2.4.jar:/usr/local/hadoop-2.6.5/share/hadoop/common/lib/xz-1.0.jar:/usr/local/hadoop-2.6.5/share/hadoop/common/lib/api-util-1.0.0-M20.jar:/usr/local/hadoop-2.6.5/share/hadoop/common/lib/jackson-core-asl-1.9.13.jar:/usr/local/hadoop-2.6.5/share/hadoop/common/lib/apacheds-i18n-2.0.0-M15.jar:/usr/local/hadoop-2.6.5/share/hadoop/common/lib/htrace-core-3.0.4.jar:/usr/local/hadoop-2.6.5/share/hadoop/common/lib/commons-httpclient-3.1.jar:/usr/local/hadoop-2.6.5/share/hadoop/common/lib/jersey-json-1.9.jar:/usr/local/hadoop-2.6.5/share/hadoop/common/lib/commons-compress-1.4.1.jar:/usr/local/hadoop-2.6.5/share/hadoop/common/lib/jettison-1.1.jar:/usr/local/hadoop-2.6.5/share/hadoop/common/lib/jsp-api-2.1.jar:/usr/local/hadoop-2.6.5/share/hadoop/common/lib/protobuf-java-2.5.0.jar:/usr/local/hadoop-2.6.5/share/hadoop/common/lib/slf4j-api-1.7.5.jar:/usr/local/hadoop-2.6.5/share/hadoop/common/lib/jetty-util-6.1.26.jar:/usr/local/hadoop-2.6.5/share/hadoop/common/lib/activation-1.1.jar:/usr/local/hadoop-2.6.5/share/hadoop/common/lib/api-asn1-api-1.0.0-M20.jar:/usr/local/hadoop-2.6.5/share/hadoop/common/lib/apacheds-kerberos-codec-2.0.0-M15.jar:/usr/local/hadoop-2.6.5/share/hadoop/common/lib/jackson-mapper-asl-1.9.13.jar:/usr/local/hadoop-2.6.5/share/hadoop/common/lib/zookeeper-3.4.6.jar:/usr/local/hadoop-2.6.5/share/hadoop/common/lib/paranamer-2.3.jar:/usr/local/hadoop-2.6.5/share/hadoop/common/lib/commons-beanutils-1.7.0.jar:/usr/local/hadoop-2.6.5/share/hadoop/common/lib/jets3t-0.9.0.jar:/usr/local/hadoop-2.6.5/share/hadoop/common/lib/jsch-0.1.42.jar:/usr/local/hadoop-2.6.5/share/hadoop/common/lib/junit-4.11.jar:/usr/local/hadoop-2.6.5/share/hadoop/common/lib/commons-beanutils-core-1.8.0.jar:/usr/local/hadoop-2.6.5/share/hadoop/common/lib/servlet-api-2.5.jar:/usr/local/hadoop-2.6.5/share/hadoop/common/lib/xmlenc-0.52.jar:/usr/local/hadoop-2.6.5/share/hadoop/common/lib/avro-1.7.4.jar:/usr/local/hadoop-2.6.5/share/hadoop/common/lib/commons-io-2.4.jar:/usr/local/hadoop-2.6.5/share/hadoop/common/lib/hamcrest-core-1.3.jar:/usr/local/hadoop-2.6.5/share/hadoop/common/lib/mockito-all-1.8.5.jar:/usr/local/hadoop-2.6.5/share/hadoop/common/lib/httpclient-4.2.5.jar:/usr/local/hadoop-2.6.5/share/hadoop/common/lib/jackson-xc-1.9.13.jar:/usr/local/hadoop-2.6.5/share/hadoop/common/lib/jaxb-api-2.2.2.jar:/usr/local/hadoop-2.6.5/share/hadoop/common/lib/jaxb-impl-2.2.3-1.jar:/usr/local/hadoop-2.6.5/share/hadoop/common/lib/httpcore-4.2.5.jar:/usr/local/hadoop-2.6.5/share/hadoop/common/lib/hadoop-annotations-2.6.5.jar:/usr/local/hadoop-2.6.5/share/hadoop/common/lib/jersey-core-1.9.jar:/usr/local/hadoop-2.6.5/share/hadoop/common/lib/commons-collections-3.2.2.jar:/usr/local/hadoop-2.6.5/share/hadoop/common/lib/log4j-1.2.17.jar:/usr/local/hadoop-2.6.5/share/hadoop/common/lib/commons-lang-2.6.jar:/usr/local/hadoop-2.6.5/share/hadoop/common/lib/jetty-6.1.26.jar:/usr/local/hadoop-2.6.5/share/hadoop/common/lib/commons-logging-1.1.3.jar:/usr/local/hadoop-2.6.5/share/hadoop/common/lib/commons-cli-1.2.jar:/usr/local/hadoop-2.6.5/share/hadoop/common/lib/jasper-runtime-5.5.23.jar:/usr/local/hadoop-2.6.5/share/hadoop/common/lib/slf4j-log4j12-1.7.5.jar:/usr/local/hadoop-2.6.5/share/hadoop/common/lib/snappy-java-1.0.4.1.jar:/usr/local/hadoop-2.6.5/share/hadoop/common/lib/commons-codec-1.4.jar:/usr/local/hadoop-2.6.5/share/hadoop/common/lib/guava-11.0.2.jar:/usr/local/hadoop-2.6.5/share/hadoop/common/lib/asm-3.2.jar:/usr/local/hadoop-2.6.5/share/hadoop/common/lib/curator-client-2.6.0.jar:/usr/local/hadoop-2.6.5/share/hadoop/common/lib/jsr305-1.3.9.jar:/usr/local/hadoop-2.6.5/share/hadoop/common/lib/curator-recipes-2.6.0.jar:/usr/local/hadoop-2.6.5/share/hadoop/common/lib/commons-math3-3.1.1.jar:/usr/local/hadoop-2.6.5/share/hadoop/common/lib/curator-framework-2.6.0.jar:/usr/local/hadoop-2.6.5/share/hadoop/common/lib/hadoop-auth-2.6.5.jar:/usr/local/hadoop-2.6.5/share/hadoop/common/lib/java-xmlbuilder-0.4.jar:/usr/local/hadoop-2.6.5/share/hadoop/common/lib/commons-net-3.1.jar:/usr/local/hadoop-2.6.5/share/hadoop/common/lib/netty-3.6.2.Final.jar:/usr/local/hadoop-2.6.5/share/hadoop/common/lib/jersey-server-1.9.jar:/usr/local/hadoop-2.6.5/share/hadoop/common/lib/commons-digester-1.8.jar:/usr/local/hadoop-2.6.5/share/hadoop/common/lib/jasper-compiler-5.5.23.jar:/usr/local/hadoop-2.6.5/share/hadoop/common/lib/jackson-jaxrs-1.9.13.jar:/usr/local/hadoop-2.6.5/share/hadoop/common/lib/stax-api-1.0-2.jar:/usr/local/hadoop-2.6.5/share/hadoop/common/lib/commons-configuration-1.6.jar:/usr/local/hadoop-2.6.5/share/hadoop/common/lib/commons-el-1.0.jar:/usr/local/hadoop-2.6.5/share/hadoop/common/hadoop-nfs-2.6.5.jar:/usr/local/hadoop-2.6.5/share/hadoop/common/hadoop-common-2.6.5.jar:/usr/local/hadoop-2.6.5/share/hadoop/common/hadoop-common-2.6.5-tests.jar:/usr/local/hadoop-2.6.5/share/hadoop/hdfs:/usr/local/hadoop-2.6.5/share/hadoop/hdfs/lib/jackson-core-asl-1.9.13.jar:/usr/local/hadoop-2.6.5/share/hadoop/hdfs/lib/htrace-core-3.0.4.jar:/usr/local/hadoop-2.6.5/share/hadoop/hdfs/lib/jsp-api-2.1.jar:/usr/local/hadoop-2.6.5/share/hadoop/hdfs/lib/protobuf-java-2.5.0.jar:/usr/local/hadoop-2.6.5/share/hadoop/hdfs/lib/jetty-util-6.1.26.jar:/usr/local/hadoop-2.6.5/share/hadoop/hdfs/lib/jackson-mapper-asl-1.9.13.jar:/usr/local/hadoop-2.6.5/share/hadoop/hdfs/lib/xml-apis-1.3.04.jar:/usr/local/hadoop-2.6.5/share/hadoop/hdfs/lib/servlet-api-2.5.jar:/usr/local/hadoop-2.6.5/share/hadoop/hdfs/lib/xmlenc-0.52.jar:/usr/local/hadoop-2.6.5/share/hadoop/hdfs/lib/commons-io-2.4.jar:/usr/local/hadoop-2.6.5/share/hadoop/hdfs/lib/jersey-core-1.9.jar:/usr/local/hadoop-2.6.5/share/hadoop/hdfs/lib/log4j-1.2.17.jar:/usr/local/hadoop-2.6.5/share/hadoop/hdfs/lib/commons-lang-2.6.jar:/usr/local/hadoop-2.6.5/share/hadoop/hdfs/lib/jetty-6.1.26.jar:/usr/local/hadoop-2.6.5/share/hadoop/hdfs/lib/commons-logging-1.1.3.jar:/usr/local/hadoop-2.6.5/share/hadoop/hdfs/lib/commons-cli-1.2.jar:/usr/local/hadoop-2.6.5/share/hadoop/hdfs/lib/jasper-runtime-5.5.23.jar:/usr/local/hadoop-2.6.5/share/hadoop/hdfs/lib/commons-codec-1.4.jar:/usr/local/hadoop-2.6.5/share/hadoop/hdfs/lib/guava-11.0.2.jar:/usr/local/hadoop-2.6.5/share/hadoop/hdfs/lib/asm-3.2.jar:/usr/local/hadoop-2.6.5/share/hadoop/hdfs/lib/jsr305-1.3.9.jar:/usr/local/hadoop-2.6.5/share/hadoop/hdfs/lib/netty-3.6.2.Final.jar:/usr/local/hadoop-2.6.5/share/hadoop/hdfs/lib/commons-daemon-1.0.13.jar:/usr/local/hadoop-2.6.5/share/hadoop/hdfs/lib/jersey-server-1.9.jar:/usr/local/hadoop-2.6.5/share/hadoop/hdfs/lib/commons-el-1.0.jar:/usr/local/hadoop-2.6.5/share/hadoop/hdfs/lib/xercesImpl-2.9.1.jar:/usr/local/hadoop-2.6.5/share/hadoop/hdfs/hadoop-hdfs-nfs-2.6.5.jar:/usr/local/hadoop-2.6.5/share/hadoop/hdfs/hadoop-hdfs-2.6.5.jar:/usr/local/hadoop-2.6.5/share/hadoop/hdfs/hadoop-hdfs-2.6.5-tests.jar:/usr/local/hadoop-2.6.5/share/hadoop/yarn/lib/jersey-client-1.9.jar:/usr/local/hadoop-2.6.5/share/hadoop/yarn/lib/xz-1.0.jar:/usr/local/hadoop-2.6.5/share/hadoop/yarn/lib/jackson-core-asl-1.9.13.jar:/usr/local/hadoop-2.6.5/share/hadoop/yarn/lib/commons-httpclient-3.1.jar:/usr/local/hadoop-2.6.5/share/hadoop/yarn/lib/jersey-json-1.9.jar:/usr/local/hadoop-2.6.5/share/hadoop/yarn/lib/commons-compress-1.4.1.jar:/usr/local/hadoop-2.6.5/share/hadoop/yarn/lib/jettison-1.1.jar:/usr/local/hadoop-2.6.5/share/hadoop/yarn/lib/protobuf-java-2.5.0.jar:/usr/local/hadoop-2.6.5/share/hadoop/yarn/lib/jetty-util-6.1.26.jar:/usr/local/hadoop-2.6.5/share/hadoop/yarn/lib/activation-1.1.jar:/usr/local/hadoop-2.6.5/share/hadoop/yarn/lib/jackson-mapper-asl-1.9.13.jar:/usr/local/hadoop-2.6.5/share/hadoop/yarn/lib/zookeeper-3.4.6.jar:/usr/local/hadoop-2.6.5/share/hadoop/yarn/lib/jline-0.9.94.jar:/usr/local/hadoop-2.6.5/share/hadoop/yarn/lib/servlet-api-2.5.jar:/usr/local/hadoop-2.6.5/share/hadoop/yarn/lib/aopalliance-1.0.jar:/usr/local/hadoop-2.6.5/share/hadoop/yarn/lib/commons-io-2.4.jar:/usr/local/hadoop-2.6.5/share/hadoop/yarn/lib/jackson-xc-1.9.13.jar:/usr/local/hadoop-2.6.5/share/hadoop/yarn/lib/jersey-guice-1.9.jar:/usr/local/hadoop-2.6.5/share/hadoop/yarn/lib/jaxb-api-2.2.2.jar:/usr/local/hadoop-2.6.5/share/hadoop/yarn/lib/jaxb-impl-2.2.3-1.jar:/usr/local/hadoop-2.6.5/share/hadoop/yarn/lib/jersey-core-1.9.jar:/usr/local/hadoop-2.6.5/share/hadoop/yarn/lib/commons-collections-3.2.2.jar:/usr/local/hadoop-2.6.5/share/hadoop/yarn/lib/log4j-1.2.17.jar:/usr/local/hadoop-2.6.5/share/hadoop/yarn/lib/commons-lang-2.6.jar:/usr/local/hadoop-2.6.5/share/hadoop/yarn/lib/jetty-6.1.26.jar:/usr/local/hadoop-2.6.5/share/hadoop/yarn/lib/commons-logging-1.1.3.jar:/usr/local/hadoop-2.6.5/share/hadoop/yarn/lib/commons-cli-1.2.jar:/usr/local/hadoop-2.6.5/share/hadoop/yarn/lib/commons-codec-1.4.jar:/usr/local/hadoop-2.6.5/share/hadoop/yarn/lib/guava-11.0.2.jar:/usr/local/hadoop-2.6.5/share/hadoop/yarn/lib/asm-3.2.jar:/usr/local/hadoop-2.6.5/share/hadoop/yarn/lib/jsr305-1.3.9.jar:/usr/local/hadoop-2.6.5/share/hadoop/yarn/lib/leveldbjni-all-1.8.jar:/usr/local/hadoop-2.6.5/share/hadoop/yarn/lib/netty-3.6.2.Final.jar:/usr/local/hadoop-2.6.5/share/hadoop/yarn/lib/jersey-server-1.9.jar:/usr/local/hadoop-2.6.5/share/hadoop/yarn/lib/guice-3.0.jar:/usr/local/hadoop-2.6.5/share/hadoop/yarn/lib/guice-servlet-3.0.jar:/usr/local/hadoop-2.6.5/share/hadoop/yarn/lib/jackson-jaxrs-1.9.13.jar:/usr/local/hadoop-2.6.5/share/hadoop/yarn/lib/stax-api-1.0-2.jar:/usr/local/hadoop-2.6.5/share/hadoop/yarn/lib/javax.inject-1.jar:/usr/local/hadoop-2.6.5/share/hadoop/yarn/hadoop-yarn-server-resourcemanager-2.6.5.jar:/usr/local/hadoop-2.6.5/share/hadoop/yarn/hadoop-yarn-server-tests-2.6.5.jar:/usr/local/hadoop-2.6.5/share/hadoop/yarn/hadoop-yarn-server-nodemanager-2.6.5.jar:/usr/local/hadoop-2.6.5/share/hadoop/yarn/hadoop-yarn-api-2.6.5.jar:/usr/local/hadoop-2.6.5/share/hadoop/yarn/hadoop-yarn-server-applicationhistoryservice-2.6.5.jar:/usr/local/hadoop-2.6.5/share/hadoop/yarn/hadoop-yarn-client-2.6.5.jar:/usr/local/hadoop-2.6.5/share/hadoop/yarn/hadoop-yarn-common-2.6.5.jar:/usr/local/hadoop-2.6.5/share/hadoop/yarn/hadoop-yarn-server-common-2.6.5.jar:/usr/local/hadoop-2.6.5/share/hadoop/yarn/hadoop-yarn-applications-distributedshell-2.6.5.jar:/usr/local/hadoop-2.6.5/share/hadoop/yarn/hadoop-yarn-server-web-proxy-2.6.5.jar:/usr/local/hadoop-2.6.5/share/hadoop/yarn/hadoop-yarn-applications-unmanaged-am-launcher-2.6.5.jar:/usr/local/hadoop-2.6.5/share/hadoop/yarn/hadoop-yarn-registry-2.6.5.jar:/usr/local/hadoop-2.6.5/share/hadoop/mapreduce/lib/xz-1.0.jar:/usr/local/hadoop-2.6.5/share/hadoop/mapreduce/lib/jackson-core-asl-1.9.13.jar:/usr/local/hadoop-2.6.5/share/hadoop/mapreduce/lib/commons-compress-1.4.1.jar:/usr/local/hadoop-2.6.5/share/hadoop/mapreduce/lib/protobuf-java-2.5.0.jar:/usr/local/hadoop-2.6.5/share/hadoop/mapreduce/lib/jackson-mapper-asl-1.9.13.jar:/usr/local/hadoop-2.6.5/share/hadoop/mapreduce/lib/paranamer-2.3.jar:/usr/local/hadoop-2.6.5/share/hadoop/mapreduce/lib/junit-4.11.jar:/usr/local/hadoop-2.6.5/share/hadoop/mapreduce/lib/aopalliance-1.0.jar:/usr/local/hadoop-2.6.5/share/hadoop/mapreduce/lib/avro-1.7.4.jar:/usr/local/hadoop-2.6.5/share/hadoop/mapreduce/lib/commons-io-2.4.jar:/usr/local/hadoop-2.6.5/share/hadoop/mapreduce/lib/hamcrest-core-1.3.jar:/usr/local/hadoop-2.6.5/share/hadoop/mapreduce/lib/jersey-guice-1.9.jar:/usr/local/hadoop-2.6.5/share/hadoop/mapreduce/lib/hadoop-annotations-2.6.5.jar:/usr/local/hadoop-2.6.5/share/hadoop/mapreduce/lib/jersey-core-1.9.jar:/usr/local/hadoop-2.6.5/share/hadoop/mapreduce/lib/log4j-1.2.17.jar:/usr/local/hadoop-2.6.5/share/hadoop/mapreduce/lib/snappy-java-1.0.4.1.jar:/usr/local/hadoop-2.6.5/share/hadoop/mapreduce/lib/asm-3.2.jar:/usr/local/hadoop-2.6.5/share/hadoop/mapreduce/lib/leveldbjni-all-1.8.jar:/usr/local/hadoop-2.6.5/share/hadoop/mapreduce/lib/netty-3.6.2.Final.jar:/usr/local/hadoop-2.6.5/share/hadoop/mapreduce/lib/jersey-server-1.9.jar:/usr/local/hadoop-2.6.5/share/hadoop/mapreduce/lib/guice-3.0.jar:/usr/local/hadoop-2.6.5/share/hadoop/mapreduce/lib/guice-servlet-3.0.jar:/usr/local/hadoop-2.6.5/share/hadoop/mapreduce/lib/javax.inject-1.jar:/usr/local/hadoop-2.6.5/share/hadoop/mapreduce/hadoop-mapreduce-client-hs-plugins-2.6.5.jar:/usr/local/hadoop-2.6.5/share/hadoop/mapreduce/hadoop-mapreduce-client-jobclient-2.6.5.jar:/usr/local/hadoop-2.6.5/share/hadoop/mapreduce/hadoop-mapreduce-client-hs-2.6.5.jar:/usr/local/hadoop-2.6.5/share/hadoop/mapreduce/hadoop-mapreduce-client-app-2.6.5.jar:/usr/local/hadoop-2.6.5/share/hadoop/mapreduce/hadoop-mapreduce-client-core-2.6.5.jar:/usr/local/hadoop-2.6.5/share/hadoop/mapreduce/hadoop-mapreduce-client-jobclient-2.6.5-tests.jar:/usr/local/hadoop-2.6.5/share/hadoop/mapreduce/hadoop-mapreduce-examples-2.6.5.jar:/usr/local/hadoop-2.6.5/share/hadoop/mapreduce/hadoop-mapreduce-client-common-2.6.5.jar:/usr/local/hadoop-2.6.5/share/hadoop/mapreduce/hadoop-mapreduce-client-shuffle-2.6.5.jar:/contrib/capacity-scheduler/*.jar:/contrib/capacity-scheduler/*.jar:/contrib/capacity-scheduler/*.jar
STARTUP_MSG:   build = https://github.com/apache/hadoop.git -r e8c9fe0b4c252caf2ebf1464220599650f119997; compiled by 'sjlee' on 2016-10-02T23:43Z
STARTUP_MSG:   java = 1.8.0_171
************************************************************/
2018-09-11 07:12:12,698 INFO org.apache.hadoop.hdfs.server.namenode.NameNode: registered UNIX signal handlers for [TERM, HUP, INT]
2018-09-11 07:12:12,709 INFO org.apache.hadoop.hdfs.server.namenode.NameNode: createNameNode []
2018-09-11 07:12:14,083 INFO org.apache.hadoop.metrics2.impl.MetricsConfig: loaded properties from hadoop-metrics2.properties
2018-09-11 07:12:14,510 INFO org.apache.hadoop.metrics2.impl.MetricsSystemImpl: Scheduled snapshot period at 10 second(s).
2018-09-11 07:12:14,510 INFO org.apache.hadoop.metrics2.impl.MetricsSystemImpl: NameNode metrics system started
2018-09-11 07:12:14,517 INFO org.apache.hadoop.hdfs.server.namenode.NameNode: fs.defaultFS is hdfs://10.11.10.211:8020
2018-09-11 07:12:14,521 INFO org.apache.hadoop.hdfs.server.namenode.NameNode: Clients are to use 10.11.10.211:8020 to access this namenode/service.
2018-09-11 07:12:15,642 INFO org.apache.hadoop.hdfs.DFSUtil: Starting Web-server for hdfs at: http://jiankong1:50070
2018-09-11 07:12:15,919 INFO org.mortbay.log: Logging to org.slf4j.impl.Log4jLoggerAdapter(org.mortbay.log) via org.mortbay.log.Slf4jLog
2018-09-11 07:12:15,942 INFO org.apache.hadoop.http.HttpRequestLog: Http request log for http.requests.namenode is not defined
2018-09-11 07:12:15,999 INFO org.apache.hadoop.http.HttpServer2: Added global filter 'safety' (class=org.apache.hadoop.http.HttpServer2$QuotingInputFilter)
2018-09-11 07:12:16,009 INFO org.apache.hadoop.http.HttpServer2: Added filter static_user_filter (class=org.apache.hadoop.http.lib.StaticUserWebFilter$StaticUserFilter) to context hdfs
2018-09-11 07:12:16,011 INFO org.apache.hadoop.http.HttpServer2: Added filter static_user_filter (class=org.apache.hadoop.http.lib.StaticUserWebFilter$StaticUserFilter) to context logs
2018-09-11 07:12:16,011 INFO org.apache.hadoop.http.HttpServer2: Added filter static_user_filter (class=org.apache.hadoop.http.lib.StaticUserWebFilter$StaticUserFilter) to context static
2018-09-11 07:12:16,116 INFO org.apache.hadoop.http.HttpServer2: Added filter 'org.apache.hadoop.hdfs.web.AuthFilter' (class=org.apache.hadoop.hdfs.web.AuthFilter)
2018-09-11 07:12:16,120 INFO org.apache.hadoop.http.HttpServer2: addJerseyResourcePackage: packageName=org.apache.hadoop.hdfs.server.namenode.web.resources;org.apache.hadoop.hdfs.web.resources, pathSpec=/webhdfs/v1/*
2018-09-11 07:12:16,191 INFO org.apache.hadoop.http.HttpServer2: Jetty bound to port 50070
2018-09-11 07:12:16,192 INFO org.mortbay.log: jetty-6.1.26
2018-09-11 07:12:17,757 INFO org.mortbay.log: Started HttpServer2$SelectChannelConnectorWithSafeStartup@jiankong1:50070
2018-09-11 07:12:17,897 WARN org.apache.hadoop.hdfs.server.common.Util: Path /mydata/hadoop/dfs/name should be specified as a URI in configuration files. Please update hdfs configuration.
2018-09-11 07:12:17,898 WARN org.apache.hadoop.hdfs.server.common.Util: Path /mydata/hadoop/dfs/name should be specified as a URI in configuration files. Please update hdfs configuration.
2018-09-11 07:12:17,900 WARN org.apache.hadoop.hdfs.server.namenode.FSNamesystem: Only one image storage directory (dfs.namenode.name.dir) configured. Beware of data loss due to lack of redundant storage directories!
2018-09-11 07:12:17,901 WARN org.apache.hadoop.hdfs.server.namenode.FSNamesystem: Only one namespace edits storage directory (dfs.namenode.edits.dir) configured. Beware of data loss due to lack of redundant storage directories!
2018-09-11 07:12:17,928 WARN org.apache.hadoop.hdfs.server.common.Util: Path /mydata/hadoop/dfs/name should be specified as a URI in configuration files. Please update hdfs configuration.
2018-09-11 07:12:17,929 WARN org.apache.hadoop.hdfs.server.common.Util: Path /mydata/hadoop/dfs/name should be specified as a URI in configuration files. Please update hdfs configuration.
2018-09-11 07:12:18,077 INFO org.apache.hadoop.hdfs.server.namenode.FSNamesystem: No KeyProvider found.
2018-09-11 07:12:18,117 INFO org.apache.hadoop.hdfs.server.namenode.FSNamesystem: fsLock is fair:true
2018-09-11 07:12:18,335 INFO org.apache.hadoop.hdfs.server.blockmanagement.DatanodeManager: dfs.block.invalidate.limit=1000
2018-09-11 07:12:18,336 INFO org.apache.hadoop.hdfs.server.blockmanagement.DatanodeManager: dfs.namenode.datanode.registration.ip-hostname-check=true
2018-09-11 07:12:18,353 INFO org.apache.hadoop.hdfs.server.blockmanagement.BlockManager: dfs.namenode.startup.delay.block.deletion.sec is set to 000:00:00:00.000
2018-09-11 07:12:18,363 INFO org.apache.hadoop.hdfs.server.blockmanagement.BlockManager: The block deletion will start around 2018 Sep 11 07:12:18
2018-09-11 07:12:18,373 INFO org.apache.hadoop.util.GSet: Computing capacity for map BlocksMap
2018-09-11 07:12:18,374 INFO org.apache.hadoop.util.GSet: VM type       = 64-bit
2018-09-11 07:12:18,382 INFO org.apache.hadoop.util.GSet: 2.0% max memory 889 MB = 17.8 MB
2018-09-11 07:12:18,383 INFO org.apache.hadoop.util.GSet: capacity      = 2^21 = 2097152 entries
2018-09-11 07:12:18,435 INFO org.apache.hadoop.hdfs.server.blockmanagement.BlockManager: dfs.block.access.token.enable=false
2018-09-11 07:12:18,438 INFO org.apache.hadoop.hdfs.server.blockmanagement.BlockManager: defaultReplication         = 2
2018-09-11 07:12:18,438 INFO org.apache.hadoop.hdfs.server.blockmanagement.BlockManager: maxReplication             = 512
2018-09-11 07:12:18,438 INFO org.apache.hadoop.hdfs.server.blockmanagement.BlockManager: minReplication             = 1
2018-09-11 07:12:18,439 INFO org.apache.hadoop.hdfs.server.blockmanagement.BlockManager: maxReplicationStreams      = 2
2018-09-11 07:12:18,439 INFO org.apache.hadoop.hdfs.server.blockmanagement.BlockManager: replicationRecheckInterval = 3000
2018-09-11 07:12:18,439 INFO org.apache.hadoop.hdfs.server.blockmanagement.BlockManager: encryptDataTransfer        = false
2018-09-11 07:12:18,440 INFO org.apache.hadoop.hdfs.server.blockmanagement.BlockManager: maxNumBlocksToLog          = 1000
2018-09-11 07:12:18,500 INFO org.apache.hadoop.hdfs.server.namenode.FSNamesystem: fsOwner             = root (auth:SIMPLE)
2018-09-11 07:12:18,501 INFO org.apache.hadoop.hdfs.server.namenode.FSNamesystem: supergroup          = supergroup
2018-09-11 07:12:18,501 INFO org.apache.hadoop.hdfs.server.namenode.FSNamesystem: isPermissionEnabled = false
2018-09-11 07:12:18,502 INFO org.apache.hadoop.hdfs.server.namenode.FSNamesystem: HA Enabled: false
2018-09-11 07:12:18,511 INFO org.apache.hadoop.hdfs.server.namenode.FSNamesystem: Append Enabled: true
2018-09-11 07:12:20,654 INFO org.apache.hadoop.util.GSet: Computing capacity for map INodeMap
2018-09-11 07:12:20,654 INFO org.apache.hadoop.util.GSet: VM type       = 64-bit
2018-09-11 07:12:20,656 INFO org.apache.hadoop.util.GSet: 1.0% max memory 889 MB = 8.9 MB
2018-09-11 07:12:20,656 INFO org.apache.hadoop.util.GSet: capacity      = 2^20 = 1048576 entries
2018-09-11 07:12:20,661 INFO org.apache.hadoop.hdfs.server.namenode.NameNode: Caching file names occuring more than 10 times
2018-09-11 07:12:20,701 INFO org.apache.hadoop.util.GSet: Computing capacity for map cachedBlocks
2018-09-11 07:12:20,701 INFO org.apache.hadoop.util.GSet: VM type       = 64-bit
2018-09-11 07:12:20,702 INFO org.apache.hadoop.util.GSet: 0.25% max memory 889 MB = 2.2 MB
2018-09-11 07:12:20,703 INFO org.apache.hadoop.util.GSet: capacity      = 2^18 = 262144 entries
2018-09-11 07:12:20,711 INFO org.apache.hadoop.hdfs.server.namenode.FSNamesystem: dfs.namenode.safemode.threshold-pct = 0.9990000128746033
2018-09-11 07:12:20,711 INFO org.apache.hadoop.hdfs.server.namenode.FSNamesystem: dfs.namenode.safemode.min.datanodes = 0
2018-09-11 07:12:20,712 INFO org.apache.hadoop.hdfs.server.namenode.FSNamesystem: dfs.namenode.safemode.extension     = 30000
2018-09-11 07:12:20,717 INFO org.apache.hadoop.hdfs.server.namenode.FSNamesystem: Retry cache on namenode is enabled
2018-09-11 07:12:20,718 INFO org.apache.hadoop.hdfs.server.namenode.FSNamesystem: Retry cache will use 0.03 of total heap and retry cache entry expiry time is 600000 millis
2018-09-11 07:12:20,729 INFO org.apache.hadoop.util.GSet: Computing capacity for map NameNodeRetryCache
2018-09-11 07:12:20,730 INFO org.apache.hadoop.util.GSet: VM type       = 64-bit
2018-09-11 07:12:20,731 INFO org.apache.hadoop.util.GSet: 0.029999999329447746% max memory 889 MB = 273.1 KB
2018-09-11 07:12:20,731 INFO org.apache.hadoop.util.GSet: capacity      = 2^15 = 32768 entries
2018-09-11 07:12:20,751 INFO org.apache.hadoop.hdfs.server.namenode.NNConf: ACLs enabled? false
2018-09-11 07:12:20,752 INFO org.apache.hadoop.hdfs.server.namenode.NNConf: XAttrs enabled? true
2018-09-11 07:12:20,752 INFO org.apache.hadoop.hdfs.server.namenode.NNConf: Maximum size of an xattr: 16384
2018-09-11 07:12:20,812 INFO org.apache.hadoop.hdfs.server.common.Storage: Lock on /mydata/hadoop/dfs/name/in_use.lock acquired by nodename 5586@jiankong1
2018-09-11 07:12:21,481 INFO org.apache.hadoop.hdfs.server.namenode.FileJournalManager: Recovering unfinalized segments in /mydata/hadoop/dfs/name/current
2018-09-11 07:12:21,867 INFO org.apache.hadoop.hdfs.server.namenode.FileJournalManager: Finalizing edits file /mydata/hadoop/dfs/name/current/edits_inprogress_0000000000000000006 -> /mydata/hadoop/dfs/name/current/edits_0000000000000000006-0000000000000000006
2018-09-11 07:12:22,172 INFO org.apache.hadoop.hdfs.server.namenode.FSImageFormatPBINode: Loading 1 INodes.
2018-09-11 07:12:22,421 INFO org.apache.hadoop.hdfs.server.namenode.FSImageFormatProtobuf: Loaded FSImage in 0 seconds.
2018-09-11 07:12:22,430 INFO org.apache.hadoop.hdfs.server.namenode.FSImage: Loaded image for txid 5 from /mydata/hadoop/dfs/name/current/fsimage_0000000000000000005
2018-09-11 07:12:22,431 INFO org.apache.hadoop.hdfs.server.namenode.FSImage: Reading org.apache.hadoop.hdfs.server.namenode.RedundantEditLogInputStream@424fd310 expecting start txid #6
2018-09-11 07:12:22,433 INFO org.apache.hadoop.hdfs.server.namenode.FSImage: Start loading edits file /mydata/hadoop/dfs/name/current/edits_0000000000000000006-0000000000000000006
2018-09-11 07:12:22,452 INFO org.apache.hadoop.hdfs.server.namenode.EditLogInputStream: Fast-forwarding stream '/mydata/hadoop/dfs/name/current/edits_0000000000000000006-0000000000000000006' to transaction ID 6
2018-09-11 07:12:22,472 INFO org.apache.hadoop.hdfs.server.namenode.FSImage: Edits file /mydata/hadoop/dfs/name/current/edits_0000000000000000006-0000000000000000006 of size 1048576 edits # 1 loaded in 0 seconds
2018-09-11 07:12:22,481 INFO org.apache.hadoop.hdfs.server.namenode.FSNamesystem: Need to save fs image? false (staleImage=false, haEnabled=false, isRollingUpgrade=false)
2018-09-11 07:12:22,487 INFO org.apache.hadoop.hdfs.server.namenode.FSEditLog: Starting log segment at 7
2018-09-11 07:12:23,540 INFO org.apache.hadoop.hdfs.server.namenode.NameCache: initialized with 0 entries 0 lookups
2018-09-11 07:12:23,541 INFO org.apache.hadoop.hdfs.server.namenode.FSNamesystem: Finished loading FSImage in 2788 msecs
2018-09-11 07:12:24,639 INFO org.apache.hadoop.hdfs.server.namenode.NameNode: RPC server is binding to jiankong1:8020
2018-09-11 07:12:24,664 INFO org.apache.hadoop.ipc.CallQueueManager: Using callQueue: class java.util.concurrent.LinkedBlockingQueue queueCapacity: 1000
2018-09-11 07:12:24,710 INFO org.apache.hadoop.ipc.Server: Starting Socket Reader #1 for port 8020
2018-09-11 07:12:24,843 INFO org.apache.hadoop.hdfs.server.namenode.FSNamesystem: Registered FSNamesystemState MBean
2018-09-11 07:12:24,847 WARN org.apache.hadoop.hdfs.server.common.Util: Path /mydata/hadoop/dfs/name should be specified as a URI in configuration files. Please update hdfs configuration.
2018-09-11 07:12:24,874 INFO org.apache.hadoop.hdfs.server.namenode.LeaseManager: Number of blocks under construction: 0
2018-09-11 07:12:24,876 INFO org.apache.hadoop.hdfs.server.namenode.LeaseManager: Number of blocks under construction: 0
2018-09-11 07:12:24,876 INFO org.apache.hadoop.hdfs.server.namenode.FSNamesystem: initializing replication queues
2018-09-11 07:12:24,878 INFO org.apache.hadoop.hdfs.StateChange: STATE* Leaving safe mode after 6 secs
2018-09-11 07:12:24,881 INFO org.apache.hadoop.hdfs.StateChange: STATE* Network topology has 0 racks and 0 datanodes
2018-09-11 07:12:24,882 INFO org.apache.hadoop.hdfs.StateChange: STATE* UnderReplicatedBlocks has 0 blocks
2018-09-11 07:12:24,969 INFO org.apache.hadoop.hdfs.server.blockmanagement.BlockManager: Total number of blocks            = 0
2018-09-11 07:12:24,971 INFO org.apache.hadoop.hdfs.server.blockmanagement.BlockManager: Number of invalid blocks          = 0
2018-09-11 07:12:24,984 INFO org.apache.hadoop.hdfs.server.blockmanagement.BlockManager: Number of under-replicated blocks = 0
2018-09-11 07:12:24,984 INFO org.apache.hadoop.hdfs.server.blockmanagement.BlockManager: Number of  over-replicated blocks = 0
2018-09-11 07:12:24,985 INFO org.apache.hadoop.hdfs.server.blockmanagement.BlockManager: Number of blocks being written    = 0
2018-09-11 07:12:24,985 INFO org.apache.hadoop.hdfs.StateChange: STATE* Replication Queue initialization scan for invalid, over- and under-replicated blocks completed in 107 msec
2018-09-11 07:12:25,033 INFO org.apache.hadoop.ipc.Server: IPC Server Responder: starting
2018-09-11 07:12:25,065 INFO org.apache.hadoop.hdfs.server.namenode.NameNode: NameNode RPC up at: jiankong1/10.11.10.211:8020
2018-09-11 07:12:25,066 INFO org.apache.hadoop.hdfs.server.namenode.FSNamesystem: Starting services required for active state
2018-09-11 07:12:25,069 INFO org.apache.hadoop.ipc.Server: IPC Server listener on 8020: starting
2018-09-11 07:12:25,124 INFO org.apache.hadoop.hdfs.server.blockmanagement.CacheReplicationMonitor: Starting CacheReplicationMonitor with interval 30000 milliseconds
2018-09-11 07:13:09,692 INFO org.apache.hadoop.hdfs.StateChange: BLOCK* registerDatanode: from DatanodeRegistration(10.11.10.211, datanodeUuid=7ec19af6-9227-4898-9a73-58e3f1ae3953, infoPort=50075, ipcPort=50020, storageInfo=lv=-56;cid=CID-86feef58-0bf5-4189-b5ed-e776a114d94a;nsid=857891644;c=0) storage 7ec19af6-9227-4898-9a73-58e3f1ae3953
2018-09-11 07:13:09,720 INFO org.apache.hadoop.hdfs.server.blockmanagement.DatanodeDescriptor: Number of failed storage changes from 0 to 0
2018-09-11 07:13:09,725 INFO org.apache.hadoop.net.NetworkTopology: Adding a new node: /default-rack/10.11.10.211:50010
2018-09-11 07:13:10,014 INFO org.apache.hadoop.hdfs.server.blockmanagement.DatanodeDescriptor: Number of failed storage changes from 0 to 0
2018-09-11 07:13:10,015 INFO org.apache.hadoop.hdfs.server.blockmanagement.DatanodeDescriptor: Adding new storage ID DS-917fc44a-c9ca-46ec-bcc7-80ab4d942d91 for DN 10.11.10.211:50010
2018-09-11 07:13:10,156 INFO org.apache.hadoop.hdfs.server.blockmanagement.BlockManager: BLOCK* processReport: Received first block report from DatanodeStorage[DS-917fc44a-c9ca-46ec-bcc7-80ab4d942d91,DISK,NORMAL] after starting up or becoming active. Its block contents are no longer considered stale
2018-09-11 07:13:10,158 INFO BlockStateChange: BLOCK* processReport: from storage DS-917fc44a-c9ca-46ec-bcc7-80ab4d942d91 node DatanodeRegistration(10.11.10.211, datanodeUuid=7ec19af6-9227-4898-9a73-58e3f1ae3953, infoPort=50075, ipcPort=50020, storageInfo=lv=-56;cid=CID-86feef58-0bf5-4189-b5ed-e776a114d94a;nsid=857891644;c=0), blocks: 0, hasStaleStorages: false, processing time: 7 msecs
2018-09-11 07:13:38,437 INFO org.apache.hadoop.hdfs.server.namenode.FSNamesystem: Roll Edit Log from 10.11.10.211
2018-09-11 07:13:38,438 INFO org.apache.hadoop.hdfs.server.namenode.FSEditLog: Rolling edit logs
2018-09-11 07:13:38,439 INFO org.apache.hadoop.hdfs.server.namenode.FSEditLog: Ending log segment 7
2018-09-11 07:13:38,441 INFO org.apache.hadoop.hdfs.server.namenode.FSEditLog: Number of transactions: 2 Total time for transactions(ms): 2 Number of transactions batched in Syncs: 0 Number of syncs: 2 SyncTimes(ms): 42 
2018-09-11 07:13:38,445 INFO org.apache.hadoop.hdfs.server.namenode.FSEditLog: Number of transactions: 2 Total time for transactions(ms): 2 Number of transactions batched in Syncs: 0 Number of syncs: 3 SyncTimes(ms): 45 
2018-09-11 07:13:38,450 INFO org.apache.hadoop.hdfs.server.namenode.FileJournalManager: Finalizing edits file /mydata/hadoop/dfs/name/current/edits_inprogress_0000000000000000007 -> /mydata/hadoop/dfs/name/current/edits_0000000000000000007-0000000000000000008
2018-09-11 07:13:38,451 INFO org.apache.hadoop.hdfs.server.namenode.FSEditLog: Starting log segment at 9
2018-09-11 07:13:41,082 INFO org.apache.hadoop.hdfs.server.namenode.TransferFsImage: Transfer took 0.02s at 0.00 KB/s
2018-09-11 07:13:41,083 INFO org.apache.hadoop.hdfs.server.namenode.TransferFsImage: Downloaded file fsimage.ckpt_0000000000000000008 size 321 bytes.
2018-09-11 07:13:41,104 INFO org.apache.hadoop.hdfs.server.namenode.NNStorageRetentionManager: Going to retain 2 images with txid >= 5
2018-09-11 07:13:41,105 INFO org.apache.hadoop.hdfs.server.namenode.NNStorageRetentionManager: Purging old image FSImageFile(file=/mydata/hadoop/dfs/name/current/fsimage_0000000000000000002, cpktTxId=0000000000000000002)
