2018-09-12 07:12:18,826 INFO org.apache.hadoop.hdfs.server.namenode.NameNode: STARTUP_MSG: 
/************************************************************
STARTUP_MSG: Starting NameNode
STARTUP_MSG:   host = hadoop01/10.11.10.211
STARTUP_MSG:   args = []
STARTUP_MSG:   version = 2.6.5
STARTUP_MSG:   classpath = /usr/local/hadoop-2.6.5/etc/hadoop:/usr/local/hadoop-2.6.5/share/hadoop/common/lib/gson-2.2.4.jar:/usr/local/hadoop-2.6.5/share/hadoop/common/lib/xz-1.0.jar:/usr/local/hadoop-2.6.5/share/hadoop/common/lib/api-util-1.0.0-M20.jar:/usr/local/hadoop-2.6.5/share/hadoop/common/lib/jackson-core-asl-1.9.13.jar:/usr/local/hadoop-2.6.5/share/hadoop/common/lib/apacheds-i18n-2.0.0-M15.jar:/usr/local/hadoop-2.6.5/share/hadoop/common/lib/htrace-core-3.0.4.jar:/usr/local/hadoop-2.6.5/share/hadoop/common/lib/commons-httpclient-3.1.jar:/usr/local/hadoop-2.6.5/share/hadoop/common/lib/jersey-json-1.9.jar:/usr/local/hadoop-2.6.5/share/hadoop/common/lib/commons-compress-1.4.1.jar:/usr/local/hadoop-2.6.5/share/hadoop/common/lib/jettison-1.1.jar:/usr/local/hadoop-2.6.5/share/hadoop/common/lib/jsp-api-2.1.jar:/usr/local/hadoop-2.6.5/share/hadoop/common/lib/protobuf-java-2.5.0.jar:/usr/local/hadoop-2.6.5/share/hadoop/common/lib/slf4j-api-1.7.5.jar:/usr/local/hadoop-2.6.5/share/hadoop/common/lib/jetty-util-6.1.26.jar:/usr/local/hadoop-2.6.5/share/hadoop/common/lib/activation-1.1.jar:/usr/local/hadoop-2.6.5/share/hadoop/common/lib/api-asn1-api-1.0.0-M20.jar:/usr/local/hadoop-2.6.5/share/hadoop/common/lib/apacheds-kerberos-codec-2.0.0-M15.jar:/usr/local/hadoop-2.6.5/share/hadoop/common/lib/jackson-mapper-asl-1.9.13.jar:/usr/local/hadoop-2.6.5/share/hadoop/common/lib/zookeeper-3.4.6.jar:/usr/local/hadoop-2.6.5/share/hadoop/common/lib/paranamer-2.3.jar:/usr/local/hadoop-2.6.5/share/hadoop/common/lib/commons-beanutils-1.7.0.jar:/usr/local/hadoop-2.6.5/share/hadoop/common/lib/jets3t-0.9.0.jar:/usr/local/hadoop-2.6.5/share/hadoop/common/lib/jsch-0.1.42.jar:/usr/local/hadoop-2.6.5/share/hadoop/common/lib/junit-4.11.jar:/usr/local/hadoop-2.6.5/share/hadoop/common/lib/commons-beanutils-core-1.8.0.jar:/usr/local/hadoop-2.6.5/share/hadoop/common/lib/servlet-api-2.5.jar:/usr/local/hadoop-2.6.5/share/hadoop/common/lib/xmlenc-0.52.jar:/usr/local/hadoop-2.6.5/share/hadoop/common/lib/avro-1.7.4.jar:/usr/local/hadoop-2.6.5/share/hadoop/common/lib/commons-io-2.4.jar:/usr/local/hadoop-2.6.5/share/hadoop/common/lib/hamcrest-core-1.3.jar:/usr/local/hadoop-2.6.5/share/hadoop/common/lib/mockito-all-1.8.5.jar:/usr/local/hadoop-2.6.5/share/hadoop/common/lib/httpclient-4.2.5.jar:/usr/local/hadoop-2.6.5/share/hadoop/common/lib/jackson-xc-1.9.13.jar:/usr/local/hadoop-2.6.5/share/hadoop/common/lib/jaxb-api-2.2.2.jar:/usr/local/hadoop-2.6.5/share/hadoop/common/lib/jaxb-impl-2.2.3-1.jar:/usr/local/hadoop-2.6.5/share/hadoop/common/lib/httpcore-4.2.5.jar:/usr/local/hadoop-2.6.5/share/hadoop/common/lib/hadoop-annotations-2.6.5.jar:/usr/local/hadoop-2.6.5/share/hadoop/common/lib/jersey-core-1.9.jar:/usr/local/hadoop-2.6.5/share/hadoop/common/lib/commons-collections-3.2.2.jar:/usr/local/hadoop-2.6.5/share/hadoop/common/lib/log4j-1.2.17.jar:/usr/local/hadoop-2.6.5/share/hadoop/common/lib/commons-lang-2.6.jar:/usr/local/hadoop-2.6.5/share/hadoop/common/lib/jetty-6.1.26.jar:/usr/local/hadoop-2.6.5/share/hadoop/common/lib/commons-logging-1.1.3.jar:/usr/local/hadoop-2.6.5/share/hadoop/common/lib/commons-cli-1.2.jar:/usr/local/hadoop-2.6.5/share/hadoop/common/lib/jasper-runtime-5.5.23.jar:/usr/local/hadoop-2.6.5/share/hadoop/common/lib/slf4j-log4j12-1.7.5.jar:/usr/local/hadoop-2.6.5/share/hadoop/common/lib/snappy-java-1.0.4.1.jar:/usr/local/hadoop-2.6.5/share/hadoop/common/lib/commons-codec-1.4.jar:/usr/local/hadoop-2.6.5/share/hadoop/common/lib/guava-11.0.2.jar:/usr/local/hadoop-2.6.5/share/hadoop/common/lib/asm-3.2.jar:/usr/local/hadoop-2.6.5/share/hadoop/common/lib/curator-client-2.6.0.jar:/usr/local/hadoop-2.6.5/share/hadoop/common/lib/jsr305-1.3.9.jar:/usr/local/hadoop-2.6.5/share/hadoop/common/lib/curator-recipes-2.6.0.jar:/usr/local/hadoop-2.6.5/share/hadoop/common/lib/commons-math3-3.1.1.jar:/usr/local/hadoop-2.6.5/share/hadoop/common/lib/curator-framework-2.6.0.jar:/usr/local/hadoop-2.6.5/share/hadoop/common/lib/hadoop-auth-2.6.5.jar:/usr/local/hadoop-2.6.5/share/hadoop/common/lib/java-xmlbuilder-0.4.jar:/usr/local/hadoop-2.6.5/share/hadoop/common/lib/commons-net-3.1.jar:/usr/local/hadoop-2.6.5/share/hadoop/common/lib/netty-3.6.2.Final.jar:/usr/local/hadoop-2.6.5/share/hadoop/common/lib/jersey-server-1.9.jar:/usr/local/hadoop-2.6.5/share/hadoop/common/lib/commons-digester-1.8.jar:/usr/local/hadoop-2.6.5/share/hadoop/common/lib/jasper-compiler-5.5.23.jar:/usr/local/hadoop-2.6.5/share/hadoop/common/lib/jackson-jaxrs-1.9.13.jar:/usr/local/hadoop-2.6.5/share/hadoop/common/lib/stax-api-1.0-2.jar:/usr/local/hadoop-2.6.5/share/hadoop/common/lib/commons-configuration-1.6.jar:/usr/local/hadoop-2.6.5/share/hadoop/common/lib/commons-el-1.0.jar:/usr/local/hadoop-2.6.5/share/hadoop/common/hadoop-nfs-2.6.5.jar:/usr/local/hadoop-2.6.5/share/hadoop/common/hadoop-common-2.6.5.jar:/usr/local/hadoop-2.6.5/share/hadoop/common/hadoop-common-2.6.5-tests.jar:/usr/local/hadoop-2.6.5/share/hadoop/hdfs:/usr/local/hadoop-2.6.5/share/hadoop/hdfs/lib/jackson-core-asl-1.9.13.jar:/usr/local/hadoop-2.6.5/share/hadoop/hdfs/lib/htrace-core-3.0.4.jar:/usr/local/hadoop-2.6.5/share/hadoop/hdfs/lib/jsp-api-2.1.jar:/usr/local/hadoop-2.6.5/share/hadoop/hdfs/lib/protobuf-java-2.5.0.jar:/usr/local/hadoop-2.6.5/share/hadoop/hdfs/lib/jetty-util-6.1.26.jar:/usr/local/hadoop-2.6.5/share/hadoop/hdfs/lib/jackson-mapper-asl-1.9.13.jar:/usr/local/hadoop-2.6.5/share/hadoop/hdfs/lib/xml-apis-1.3.04.jar:/usr/local/hadoop-2.6.5/share/hadoop/hdfs/lib/servlet-api-2.5.jar:/usr/local/hadoop-2.6.5/share/hadoop/hdfs/lib/xmlenc-0.52.jar:/usr/local/hadoop-2.6.5/share/hadoop/hdfs/lib/commons-io-2.4.jar:/usr/local/hadoop-2.6.5/share/hadoop/hdfs/lib/jersey-core-1.9.jar:/usr/local/hadoop-2.6.5/share/hadoop/hdfs/lib/log4j-1.2.17.jar:/usr/local/hadoop-2.6.5/share/hadoop/hdfs/lib/commons-lang-2.6.jar:/usr/local/hadoop-2.6.5/share/hadoop/hdfs/lib/jetty-6.1.26.jar:/usr/local/hadoop-2.6.5/share/hadoop/hdfs/lib/commons-logging-1.1.3.jar:/usr/local/hadoop-2.6.5/share/hadoop/hdfs/lib/commons-cli-1.2.jar:/usr/local/hadoop-2.6.5/share/hadoop/hdfs/lib/jasper-runtime-5.5.23.jar:/usr/local/hadoop-2.6.5/share/hadoop/hdfs/lib/commons-codec-1.4.jar:/usr/local/hadoop-2.6.5/share/hadoop/hdfs/lib/guava-11.0.2.jar:/usr/local/hadoop-2.6.5/share/hadoop/hdfs/lib/asm-3.2.jar:/usr/local/hadoop-2.6.5/share/hadoop/hdfs/lib/jsr305-1.3.9.jar:/usr/local/hadoop-2.6.5/share/hadoop/hdfs/lib/netty-3.6.2.Final.jar:/usr/local/hadoop-2.6.5/share/hadoop/hdfs/lib/commons-daemon-1.0.13.jar:/usr/local/hadoop-2.6.5/share/hadoop/hdfs/lib/jersey-server-1.9.jar:/usr/local/hadoop-2.6.5/share/hadoop/hdfs/lib/commons-el-1.0.jar:/usr/local/hadoop-2.6.5/share/hadoop/hdfs/lib/xercesImpl-2.9.1.jar:/usr/local/hadoop-2.6.5/share/hadoop/hdfs/hadoop-hdfs-nfs-2.6.5.jar:/usr/local/hadoop-2.6.5/share/hadoop/hdfs/hadoop-hdfs-2.6.5.jar:/usr/local/hadoop-2.6.5/share/hadoop/hdfs/hadoop-hdfs-2.6.5-tests.jar:/usr/local/hadoop-2.6.5/share/hadoop/yarn/lib/jersey-client-1.9.jar:/usr/local/hadoop-2.6.5/share/hadoop/yarn/lib/xz-1.0.jar:/usr/local/hadoop-2.6.5/share/hadoop/yarn/lib/jackson-core-asl-1.9.13.jar:/usr/local/hadoop-2.6.5/share/hadoop/yarn/lib/commons-httpclient-3.1.jar:/usr/local/hadoop-2.6.5/share/hadoop/yarn/lib/jersey-json-1.9.jar:/usr/local/hadoop-2.6.5/share/hadoop/yarn/lib/commons-compress-1.4.1.jar:/usr/local/hadoop-2.6.5/share/hadoop/yarn/lib/jettison-1.1.jar:/usr/local/hadoop-2.6.5/share/hadoop/yarn/lib/protobuf-java-2.5.0.jar:/usr/local/hadoop-2.6.5/share/hadoop/yarn/lib/jetty-util-6.1.26.jar:/usr/local/hadoop-2.6.5/share/hadoop/yarn/lib/activation-1.1.jar:/usr/local/hadoop-2.6.5/share/hadoop/yarn/lib/jackson-mapper-asl-1.9.13.jar:/usr/local/hadoop-2.6.5/share/hadoop/yarn/lib/zookeeper-3.4.6.jar:/usr/local/hadoop-2.6.5/share/hadoop/yarn/lib/jline-0.9.94.jar:/usr/local/hadoop-2.6.5/share/hadoop/yarn/lib/servlet-api-2.5.jar:/usr/local/hadoop-2.6.5/share/hadoop/yarn/lib/aopalliance-1.0.jar:/usr/local/hadoop-2.6.5/share/hadoop/yarn/lib/commons-io-2.4.jar:/usr/local/hadoop-2.6.5/share/hadoop/yarn/lib/jackson-xc-1.9.13.jar:/usr/local/hadoop-2.6.5/share/hadoop/yarn/lib/jersey-guice-1.9.jar:/usr/local/hadoop-2.6.5/share/hadoop/yarn/lib/jaxb-api-2.2.2.jar:/usr/local/hadoop-2.6.5/share/hadoop/yarn/lib/jaxb-impl-2.2.3-1.jar:/usr/local/hadoop-2.6.5/share/hadoop/yarn/lib/jersey-core-1.9.jar:/usr/local/hadoop-2.6.5/share/hadoop/yarn/lib/commons-collections-3.2.2.jar:/usr/local/hadoop-2.6.5/share/hadoop/yarn/lib/log4j-1.2.17.jar:/usr/local/hadoop-2.6.5/share/hadoop/yarn/lib/commons-lang-2.6.jar:/usr/local/hadoop-2.6.5/share/hadoop/yarn/lib/jetty-6.1.26.jar:/usr/local/hadoop-2.6.5/share/hadoop/yarn/lib/commons-logging-1.1.3.jar:/usr/local/hadoop-2.6.5/share/hadoop/yarn/lib/commons-cli-1.2.jar:/usr/local/hadoop-2.6.5/share/hadoop/yarn/lib/commons-codec-1.4.jar:/usr/local/hadoop-2.6.5/share/hadoop/yarn/lib/guava-11.0.2.jar:/usr/local/hadoop-2.6.5/share/hadoop/yarn/lib/asm-3.2.jar:/usr/local/hadoop-2.6.5/share/hadoop/yarn/lib/jsr305-1.3.9.jar:/usr/local/hadoop-2.6.5/share/hadoop/yarn/lib/leveldbjni-all-1.8.jar:/usr/local/hadoop-2.6.5/share/hadoop/yarn/lib/netty-3.6.2.Final.jar:/usr/local/hadoop-2.6.5/share/hadoop/yarn/lib/jersey-server-1.9.jar:/usr/local/hadoop-2.6.5/share/hadoop/yarn/lib/guice-3.0.jar:/usr/local/hadoop-2.6.5/share/hadoop/yarn/lib/guice-servlet-3.0.jar:/usr/local/hadoop-2.6.5/share/hadoop/yarn/lib/jackson-jaxrs-1.9.13.jar:/usr/local/hadoop-2.6.5/share/hadoop/yarn/lib/stax-api-1.0-2.jar:/usr/local/hadoop-2.6.5/share/hadoop/yarn/lib/javax.inject-1.jar:/usr/local/hadoop-2.6.5/share/hadoop/yarn/hadoop-yarn-server-resourcemanager-2.6.5.jar:/usr/local/hadoop-2.6.5/share/hadoop/yarn/hadoop-yarn-server-tests-2.6.5.jar:/usr/local/hadoop-2.6.5/share/hadoop/yarn/hadoop-yarn-server-nodemanager-2.6.5.jar:/usr/local/hadoop-2.6.5/share/hadoop/yarn/hadoop-yarn-api-2.6.5.jar:/usr/local/hadoop-2.6.5/share/hadoop/yarn/hadoop-yarn-server-applicationhistoryservice-2.6.5.jar:/usr/local/hadoop-2.6.5/share/hadoop/yarn/hadoop-yarn-client-2.6.5.jar:/usr/local/hadoop-2.6.5/share/hadoop/yarn/hadoop-yarn-common-2.6.5.jar:/usr/local/hadoop-2.6.5/share/hadoop/yarn/hadoop-yarn-server-common-2.6.5.jar:/usr/local/hadoop-2.6.5/share/hadoop/yarn/hadoop-yarn-applications-distributedshell-2.6.5.jar:/usr/local/hadoop-2.6.5/share/hadoop/yarn/hadoop-yarn-server-web-proxy-2.6.5.jar:/usr/local/hadoop-2.6.5/share/hadoop/yarn/hadoop-yarn-applications-unmanaged-am-launcher-2.6.5.jar:/usr/local/hadoop-2.6.5/share/hadoop/yarn/hadoop-yarn-registry-2.6.5.jar:/usr/local/hadoop-2.6.5/share/hadoop/mapreduce/lib/xz-1.0.jar:/usr/local/hadoop-2.6.5/share/hadoop/mapreduce/lib/jackson-core-asl-1.9.13.jar:/usr/local/hadoop-2.6.5/share/hadoop/mapreduce/lib/commons-compress-1.4.1.jar:/usr/local/hadoop-2.6.5/share/hadoop/mapreduce/lib/protobuf-java-2.5.0.jar:/usr/local/hadoop-2.6.5/share/hadoop/mapreduce/lib/jackson-mapper-asl-1.9.13.jar:/usr/local/hadoop-2.6.5/share/hadoop/mapreduce/lib/paranamer-2.3.jar:/usr/local/hadoop-2.6.5/share/hadoop/mapreduce/lib/junit-4.11.jar:/usr/local/hadoop-2.6.5/share/hadoop/mapreduce/lib/aopalliance-1.0.jar:/usr/local/hadoop-2.6.5/share/hadoop/mapreduce/lib/avro-1.7.4.jar:/usr/local/hadoop-2.6.5/share/hadoop/mapreduce/lib/commons-io-2.4.jar:/usr/local/hadoop-2.6.5/share/hadoop/mapreduce/lib/hamcrest-core-1.3.jar:/usr/local/hadoop-2.6.5/share/hadoop/mapreduce/lib/jersey-guice-1.9.jar:/usr/local/hadoop-2.6.5/share/hadoop/mapreduce/lib/hadoop-annotations-2.6.5.jar:/usr/local/hadoop-2.6.5/share/hadoop/mapreduce/lib/jersey-core-1.9.jar:/usr/local/hadoop-2.6.5/share/hadoop/mapreduce/lib/log4j-1.2.17.jar:/usr/local/hadoop-2.6.5/share/hadoop/mapreduce/lib/snappy-java-1.0.4.1.jar:/usr/local/hadoop-2.6.5/share/hadoop/mapreduce/lib/asm-3.2.jar:/usr/local/hadoop-2.6.5/share/hadoop/mapreduce/lib/leveldbjni-all-1.8.jar:/usr/local/hadoop-2.6.5/share/hadoop/mapreduce/lib/netty-3.6.2.Final.jar:/usr/local/hadoop-2.6.5/share/hadoop/mapreduce/lib/jersey-server-1.9.jar:/usr/local/hadoop-2.6.5/share/hadoop/mapreduce/lib/guice-3.0.jar:/usr/local/hadoop-2.6.5/share/hadoop/mapreduce/lib/guice-servlet-3.0.jar:/usr/local/hadoop-2.6.5/share/hadoop/mapreduce/lib/javax.inject-1.jar:/usr/local/hadoop-2.6.5/share/hadoop/mapreduce/hadoop-mapreduce-client-hs-plugins-2.6.5.jar:/usr/local/hadoop-2.6.5/share/hadoop/mapreduce/hadoop-mapreduce-client-jobclient-2.6.5.jar:/usr/local/hadoop-2.6.5/share/hadoop/mapreduce/hadoop-mapreduce-client-hs-2.6.5.jar:/usr/local/hadoop-2.6.5/share/hadoop/mapreduce/hadoop-mapreduce-client-app-2.6.5.jar:/usr/local/hadoop-2.6.5/share/hadoop/mapreduce/hadoop-mapreduce-client-core-2.6.5.jar:/usr/local/hadoop-2.6.5/share/hadoop/mapreduce/hadoop-mapreduce-client-jobclient-2.6.5-tests.jar:/usr/local/hadoop-2.6.5/share/hadoop/mapreduce/hadoop-mapreduce-examples-2.6.5.jar:/usr/local/hadoop-2.6.5/share/hadoop/mapreduce/hadoop-mapreduce-client-common-2.6.5.jar:/usr/local/hadoop-2.6.5/share/hadoop/mapreduce/hadoop-mapreduce-client-shuffle-2.6.5.jar:/contrib/capacity-scheduler/*.jar:/contrib/capacity-scheduler/*.jar:/contrib/capacity-scheduler/*.jar
STARTUP_MSG:   build = https://github.com/apache/hadoop.git -r e8c9fe0b4c252caf2ebf1464220599650f119997; compiled by 'sjlee' on 2016-10-02T23:43Z
STARTUP_MSG:   java = 1.8.0_171
************************************************************/
2018-09-12 07:12:18,879 INFO org.apache.hadoop.hdfs.server.namenode.NameNode: registered UNIX signal handlers for [TERM, HUP, INT]
2018-09-12 07:12:18,892 INFO org.apache.hadoop.hdfs.server.namenode.NameNode: createNameNode []
2018-09-12 07:12:20,289 INFO org.apache.hadoop.metrics2.impl.MetricsConfig: loaded properties from hadoop-metrics2.properties
2018-09-12 07:12:20,758 INFO org.apache.hadoop.metrics2.impl.MetricsSystemImpl: Scheduled snapshot period at 10 second(s).
2018-09-12 07:12:20,758 INFO org.apache.hadoop.metrics2.impl.MetricsSystemImpl: NameNode metrics system started
2018-09-12 07:12:20,764 INFO org.apache.hadoop.hdfs.server.namenode.NameNode: fs.defaultFS is hdfs://10.11.10.211:8020
2018-09-12 07:12:20,768 INFO org.apache.hadoop.hdfs.server.namenode.NameNode: Clients are to use 10.11.10.211:8020 to access this namenode/service.
2018-09-12 07:12:21,951 INFO org.apache.hadoop.hdfs.DFSUtil: Starting Web-server for hdfs at: http://hadoop01:50070
2018-09-12 07:12:22,222 INFO org.mortbay.log: Logging to org.slf4j.impl.Log4jLoggerAdapter(org.mortbay.log) via org.mortbay.log.Slf4jLog
2018-09-12 07:12:22,246 INFO org.apache.hadoop.http.HttpRequestLog: Http request log for http.requests.namenode is not defined
2018-09-12 07:12:22,310 INFO org.apache.hadoop.http.HttpServer2: Added global filter 'safety' (class=org.apache.hadoop.http.HttpServer2$QuotingInputFilter)
2018-09-12 07:12:22,322 INFO org.apache.hadoop.http.HttpServer2: Added filter static_user_filter (class=org.apache.hadoop.http.lib.StaticUserWebFilter$StaticUserFilter) to context hdfs
2018-09-12 07:12:22,323 INFO org.apache.hadoop.http.HttpServer2: Added filter static_user_filter (class=org.apache.hadoop.http.lib.StaticUserWebFilter$StaticUserFilter) to context logs
2018-09-12 07:12:22,323 INFO org.apache.hadoop.http.HttpServer2: Added filter static_user_filter (class=org.apache.hadoop.http.lib.StaticUserWebFilter$StaticUserFilter) to context static
2018-09-12 07:12:22,477 INFO org.apache.hadoop.http.HttpServer2: Added filter 'org.apache.hadoop.hdfs.web.AuthFilter' (class=org.apache.hadoop.hdfs.web.AuthFilter)
2018-09-12 07:12:22,482 INFO org.apache.hadoop.http.HttpServer2: addJerseyResourcePackage: packageName=org.apache.hadoop.hdfs.server.namenode.web.resources;org.apache.hadoop.hdfs.web.resources, pathSpec=/webhdfs/v1/*
2018-09-12 07:12:22,576 INFO org.apache.hadoop.http.HttpServer2: Jetty bound to port 50070
2018-09-12 07:12:22,577 INFO org.mortbay.log: jetty-6.1.26
2018-09-12 07:12:24,123 INFO org.mortbay.log: Started HttpServer2$SelectChannelConnectorWithSafeStartup@hadoop01:50070
2018-09-12 07:12:24,312 WARN org.apache.hadoop.hdfs.server.common.Util: Path /mydata/hadoop/dfs/name should be specified as a URI in configuration files. Please update hdfs configuration.
2018-09-12 07:12:24,315 WARN org.apache.hadoop.hdfs.server.common.Util: Path /mydata/hadoop/dfs/name should be specified as a URI in configuration files. Please update hdfs configuration.
2018-09-12 07:12:24,325 WARN org.apache.hadoop.hdfs.server.namenode.FSNamesystem: Only one image storage directory (dfs.namenode.name.dir) configured. Beware of data loss due to lack of redundant storage directories!
2018-09-12 07:12:24,326 WARN org.apache.hadoop.hdfs.server.namenode.FSNamesystem: Only one namespace edits storage directory (dfs.namenode.edits.dir) configured. Beware of data loss due to lack of redundant storage directories!
2018-09-12 07:12:24,363 WARN org.apache.hadoop.hdfs.server.common.Util: Path /mydata/hadoop/dfs/name should be specified as a URI in configuration files. Please update hdfs configuration.
2018-09-12 07:12:24,365 WARN org.apache.hadoop.hdfs.server.common.Util: Path /mydata/hadoop/dfs/name should be specified as a URI in configuration files. Please update hdfs configuration.
2018-09-12 07:12:24,518 INFO org.apache.hadoop.hdfs.server.namenode.FSNamesystem: No KeyProvider found.
2018-09-12 07:12:24,556 INFO org.apache.hadoop.hdfs.server.namenode.FSNamesystem: fsLock is fair:true
2018-09-12 07:12:24,893 INFO org.apache.hadoop.hdfs.server.blockmanagement.DatanodeManager: dfs.block.invalidate.limit=1000
2018-09-12 07:12:24,894 INFO org.apache.hadoop.hdfs.server.blockmanagement.DatanodeManager: dfs.namenode.datanode.registration.ip-hostname-check=true
2018-09-12 07:12:24,909 INFO org.apache.hadoop.hdfs.server.blockmanagement.BlockManager: dfs.namenode.startup.delay.block.deletion.sec is set to 000:00:00:00.000
2018-09-12 07:12:24,921 INFO org.apache.hadoop.hdfs.server.blockmanagement.BlockManager: The block deletion will start around 2018 Sep 12 07:12:24
2018-09-12 07:12:24,931 INFO org.apache.hadoop.util.GSet: Computing capacity for map BlocksMap
2018-09-12 07:12:24,931 INFO org.apache.hadoop.util.GSet: VM type       = 64-bit
2018-09-12 07:12:24,957 INFO org.apache.hadoop.util.GSet: 2.0% max memory 889 MB = 17.8 MB
2018-09-12 07:12:24,958 INFO org.apache.hadoop.util.GSet: capacity      = 2^21 = 2097152 entries
2018-09-12 07:12:24,998 INFO org.apache.hadoop.hdfs.server.blockmanagement.BlockManager: dfs.block.access.token.enable=false
2018-09-12 07:12:25,000 INFO org.apache.hadoop.hdfs.server.blockmanagement.BlockManager: defaultReplication         = 2
2018-09-12 07:12:25,001 INFO org.apache.hadoop.hdfs.server.blockmanagement.BlockManager: maxReplication             = 512
2018-09-12 07:12:25,001 INFO org.apache.hadoop.hdfs.server.blockmanagement.BlockManager: minReplication             = 1
2018-09-12 07:12:25,001 INFO org.apache.hadoop.hdfs.server.blockmanagement.BlockManager: maxReplicationStreams      = 2
2018-09-12 07:12:25,002 INFO org.apache.hadoop.hdfs.server.blockmanagement.BlockManager: replicationRecheckInterval = 3000
2018-09-12 07:12:25,002 INFO org.apache.hadoop.hdfs.server.blockmanagement.BlockManager: encryptDataTransfer        = false
2018-09-12 07:12:25,002 INFO org.apache.hadoop.hdfs.server.blockmanagement.BlockManager: maxNumBlocksToLog          = 1000
2018-09-12 07:12:25,035 INFO org.apache.hadoop.hdfs.server.namenode.FSNamesystem: fsOwner             = root (auth:SIMPLE)
2018-09-12 07:12:25,036 INFO org.apache.hadoop.hdfs.server.namenode.FSNamesystem: supergroup          = supergroup
2018-09-12 07:12:25,036 INFO org.apache.hadoop.hdfs.server.namenode.FSNamesystem: isPermissionEnabled = false
2018-09-12 07:12:25,037 INFO org.apache.hadoop.hdfs.server.namenode.FSNamesystem: HA Enabled: false
2018-09-12 07:12:25,046 INFO org.apache.hadoop.hdfs.server.namenode.FSNamesystem: Append Enabled: true
2018-09-12 07:12:27,107 INFO org.apache.hadoop.util.GSet: Computing capacity for map INodeMap
2018-09-12 07:12:27,107 INFO org.apache.hadoop.util.GSet: VM type       = 64-bit
2018-09-12 07:12:27,109 INFO org.apache.hadoop.util.GSet: 1.0% max memory 889 MB = 8.9 MB
2018-09-12 07:12:27,109 INFO org.apache.hadoop.util.GSet: capacity      = 2^20 = 1048576 entries
2018-09-12 07:12:27,114 INFO org.apache.hadoop.hdfs.server.namenode.NameNode: Caching file names occuring more than 10 times
2018-09-12 07:12:27,158 INFO org.apache.hadoop.util.GSet: Computing capacity for map cachedBlocks
2018-09-12 07:12:27,158 INFO org.apache.hadoop.util.GSet: VM type       = 64-bit
2018-09-12 07:12:27,160 INFO org.apache.hadoop.util.GSet: 0.25% max memory 889 MB = 2.2 MB
2018-09-12 07:12:27,160 INFO org.apache.hadoop.util.GSet: capacity      = 2^18 = 262144 entries
2018-09-12 07:12:27,170 INFO org.apache.hadoop.hdfs.server.namenode.FSNamesystem: dfs.namenode.safemode.threshold-pct = 0.9990000128746033
2018-09-12 07:12:27,171 INFO org.apache.hadoop.hdfs.server.namenode.FSNamesystem: dfs.namenode.safemode.min.datanodes = 0
2018-09-12 07:12:27,171 INFO org.apache.hadoop.hdfs.server.namenode.FSNamesystem: dfs.namenode.safemode.extension     = 30000
2018-09-12 07:12:27,177 INFO org.apache.hadoop.hdfs.server.namenode.FSNamesystem: Retry cache on namenode is enabled
2018-09-12 07:12:27,178 INFO org.apache.hadoop.hdfs.server.namenode.FSNamesystem: Retry cache will use 0.03 of total heap and retry cache entry expiry time is 600000 millis
2018-09-12 07:12:27,189 INFO org.apache.hadoop.util.GSet: Computing capacity for map NameNodeRetryCache
2018-09-12 07:12:27,190 INFO org.apache.hadoop.util.GSet: VM type       = 64-bit
2018-09-12 07:12:27,191 INFO org.apache.hadoop.util.GSet: 0.029999999329447746% max memory 889 MB = 273.1 KB
2018-09-12 07:12:27,191 INFO org.apache.hadoop.util.GSet: capacity      = 2^15 = 32768 entries
2018-09-12 07:12:27,212 INFO org.apache.hadoop.hdfs.server.namenode.NNConf: ACLs enabled? false
2018-09-12 07:12:27,213 INFO org.apache.hadoop.hdfs.server.namenode.NNConf: XAttrs enabled? true
2018-09-12 07:12:27,214 INFO org.apache.hadoop.hdfs.server.namenode.NNConf: Maximum size of an xattr: 16384
2018-09-12 07:12:27,272 INFO org.apache.hadoop.hdfs.server.common.Storage: Lock on /mydata/hadoop/dfs/name/in_use.lock acquired by nodename 1802@hadoop01
2018-09-12 07:12:27,924 INFO org.apache.hadoop.hdfs.server.namenode.FileJournalManager: Recovering unfinalized segments in /mydata/hadoop/dfs/name/current
2018-09-12 07:12:27,927 INFO org.apache.hadoop.hdfs.server.namenode.FSImage: No edit log streams selected.
2018-09-12 07:12:28,249 INFO org.apache.hadoop.hdfs.server.namenode.FSImageFormatPBINode: Loading 1 INodes.
2018-09-12 07:12:28,469 INFO org.apache.hadoop.hdfs.server.namenode.FSImageFormatProtobuf: Loaded FSImage in 0 seconds.
2018-09-12 07:12:28,470 INFO org.apache.hadoop.hdfs.server.namenode.FSImage: Loaded image for txid 0 from /mydata/hadoop/dfs/name/current/fsimage_0000000000000000000
2018-09-12 07:12:28,498 INFO org.apache.hadoop.hdfs.server.namenode.FSNamesystem: Need to save fs image? false (staleImage=false, haEnabled=false, isRollingUpgrade=false)
2018-09-12 07:12:28,500 INFO org.apache.hadoop.hdfs.server.namenode.FSEditLog: Starting log segment at 1
2018-09-12 07:12:30,017 INFO org.apache.hadoop.hdfs.server.namenode.NameCache: initialized with 0 entries 0 lookups
2018-09-12 07:12:30,018 INFO org.apache.hadoop.hdfs.server.namenode.FSNamesystem: Finished loading FSImage in 2804 msecs
2018-09-12 07:12:31,826 INFO org.apache.hadoop.hdfs.server.namenode.NameNode: RPC server is binding to hadoop01:8020
2018-09-12 07:12:31,866 INFO org.apache.hadoop.ipc.CallQueueManager: Using callQueue: class java.util.concurrent.LinkedBlockingQueue queueCapacity: 1000
2018-09-12 07:12:31,932 INFO org.apache.hadoop.ipc.Server: Starting Socket Reader #1 for port 8020
2018-09-12 07:12:32,108 INFO org.apache.hadoop.hdfs.server.namenode.FSNamesystem: Registered FSNamesystemState MBean
2018-09-12 07:12:32,113 WARN org.apache.hadoop.hdfs.server.common.Util: Path /mydata/hadoop/dfs/name should be specified as a URI in configuration files. Please update hdfs configuration.
2018-09-12 07:12:32,155 INFO org.apache.hadoop.hdfs.server.namenode.LeaseManager: Number of blocks under construction: 0
2018-09-12 07:12:32,156 INFO org.apache.hadoop.hdfs.server.namenode.LeaseManager: Number of blocks under construction: 0
2018-09-12 07:12:32,156 INFO org.apache.hadoop.hdfs.server.namenode.FSNamesystem: initializing replication queues
2018-09-12 07:12:32,159 INFO org.apache.hadoop.hdfs.StateChange: STATE* Leaving safe mode after 7 secs
2018-09-12 07:12:32,160 INFO org.apache.hadoop.hdfs.StateChange: STATE* Network topology has 0 racks and 0 datanodes
2018-09-12 07:12:32,160 INFO org.apache.hadoop.hdfs.StateChange: STATE* UnderReplicatedBlocks has 0 blocks
2018-09-12 07:12:32,281 INFO org.apache.hadoop.hdfs.server.blockmanagement.BlockManager: Total number of blocks            = 0
2018-09-12 07:12:32,289 INFO org.apache.hadoop.hdfs.server.blockmanagement.BlockManager: Number of invalid blocks          = 0
2018-09-12 07:12:32,290 INFO org.apache.hadoop.hdfs.server.blockmanagement.BlockManager: Number of under-replicated blocks = 0
2018-09-12 07:12:32,290 INFO org.apache.hadoop.hdfs.server.blockmanagement.BlockManager: Number of  over-replicated blocks = 0
2018-09-12 07:12:32,290 INFO org.apache.hadoop.hdfs.server.blockmanagement.BlockManager: Number of blocks being written    = 0
2018-09-12 07:12:32,291 INFO org.apache.hadoop.hdfs.StateChange: STATE* Replication Queue initialization scan for invalid, over- and under-replicated blocks completed in 126 msec
2018-09-12 07:12:32,428 INFO org.apache.hadoop.ipc.Server: IPC Server Responder: starting
2018-09-12 07:12:32,468 INFO org.apache.hadoop.hdfs.server.namenode.NameNode: NameNode RPC up at: hadoop01/10.11.10.211:8020
2018-09-12 07:12:32,469 INFO org.apache.hadoop.hdfs.server.namenode.FSNamesystem: Starting services required for active state
2018-09-12 07:12:32,471 INFO org.apache.hadoop.ipc.Server: IPC Server listener on 8020: starting
2018-09-12 07:12:32,530 INFO org.apache.hadoop.hdfs.server.blockmanagement.CacheReplicationMonitor: Starting CacheReplicationMonitor with interval 30000 milliseconds
2018-09-12 07:12:37,159 INFO org.apache.hadoop.hdfs.StateChange: BLOCK* registerDatanode: from DatanodeRegistration(10.11.10.212, datanodeUuid=fd6ebc4f-9def-4716-89a3-ea7913f1048b, infoPort=50075, ipcPort=50020, storageInfo=lv=-56;cid=CID-cd567d20-5d85-4a6d-96bd-3af989ed6a93;nsid=1073162825;c=0) storage fd6ebc4f-9def-4716-89a3-ea7913f1048b
2018-09-12 07:12:37,192 INFO org.apache.hadoop.hdfs.server.blockmanagement.DatanodeDescriptor: Number of failed storage changes from 0 to 0
2018-09-12 07:12:37,197 INFO org.apache.hadoop.net.NetworkTopology: Adding a new node: /default-rack/10.11.10.212:50010
2018-09-12 07:12:37,555 INFO org.apache.hadoop.hdfs.server.blockmanagement.DatanodeDescriptor: Number of failed storage changes from 0 to 0
2018-09-12 07:12:37,556 INFO org.apache.hadoop.hdfs.server.blockmanagement.DatanodeDescriptor: Adding new storage ID DS-0fd1fc6e-fa65-4e59-9b85-036da54ec972 for DN 10.11.10.212:50010
2018-09-12 07:12:37,762 INFO org.apache.hadoop.hdfs.server.blockmanagement.BlockManager: BLOCK* processReport: Received first block report from DatanodeStorage[DS-0fd1fc6e-fa65-4e59-9b85-036da54ec972,DISK,NORMAL] after starting up or becoming active. Its block contents are no longer considered stale
2018-09-12 07:12:37,764 INFO BlockStateChange: BLOCK* processReport: from storage DS-0fd1fc6e-fa65-4e59-9b85-036da54ec972 node DatanodeRegistration(10.11.10.212, datanodeUuid=fd6ebc4f-9def-4716-89a3-ea7913f1048b, infoPort=50075, ipcPort=50020, storageInfo=lv=-56;cid=CID-cd567d20-5d85-4a6d-96bd-3af989ed6a93;nsid=1073162825;c=0), blocks: 0, hasStaleStorages: false, processing time: 8 msecs
2018-09-12 07:13:13,734 INFO org.apache.hadoop.hdfs.StateChange: BLOCK* registerDatanode: from DatanodeRegistration(10.11.10.123, datanodeUuid=dd755314-84dc-459d-b90c-69fab443c8d6, infoPort=50075, ipcPort=50020, storageInfo=lv=-56;cid=CID-cd567d20-5d85-4a6d-96bd-3af989ed6a93;nsid=1073162825;c=0) storage dd755314-84dc-459d-b90c-69fab443c8d6
2018-09-12 07:13:13,735 INFO org.apache.hadoop.hdfs.server.blockmanagement.DatanodeDescriptor: Number of failed storage changes from 0 to 0
2018-09-12 07:13:13,736 INFO org.apache.hadoop.net.NetworkTopology: Adding a new node: /default-rack/10.11.10.123:50010
2018-09-12 07:13:13,917 INFO org.apache.hadoop.hdfs.server.blockmanagement.DatanodeDescriptor: Number of failed storage changes from 0 to 0
2018-09-12 07:13:13,917 INFO org.apache.hadoop.hdfs.server.blockmanagement.DatanodeDescriptor: Adding new storage ID DS-70ba0ed2-1ae4-4177-8055-970bcf3e9174 for DN 10.11.10.123:50010
2018-09-12 07:13:13,987 INFO org.apache.hadoop.hdfs.server.blockmanagement.BlockManager: BLOCK* processReport: Received first block report from DatanodeStorage[DS-70ba0ed2-1ae4-4177-8055-970bcf3e9174,DISK,NORMAL] after starting up or becoming active. Its block contents are no longer considered stale
2018-09-12 07:13:13,987 INFO BlockStateChange: BLOCK* processReport: from storage DS-70ba0ed2-1ae4-4177-8055-970bcf3e9174 node DatanodeRegistration(10.11.10.123, datanodeUuid=dd755314-84dc-459d-b90c-69fab443c8d6, infoPort=50075, ipcPort=50020, storageInfo=lv=-56;cid=CID-cd567d20-5d85-4a6d-96bd-3af989ed6a93;nsid=1073162825;c=0), blocks: 0, hasStaleStorages: false, processing time: 1 msecs
2018-09-12 07:13:15,652 INFO org.apache.hadoop.hdfs.StateChange: BLOCK* registerDatanode: from DatanodeRegistration(10.11.10.211, datanodeUuid=a57d5348-4755-431b-ac9c-c91c158cbcf9, infoPort=50075, ipcPort=50020, storageInfo=lv=-56;cid=CID-cd567d20-5d85-4a6d-96bd-3af989ed6a93;nsid=1073162825;c=0) storage a57d5348-4755-431b-ac9c-c91c158cbcf9
2018-09-12 07:13:15,653 INFO org.apache.hadoop.hdfs.server.blockmanagement.DatanodeDescriptor: Number of failed storage changes from 0 to 0
2018-09-12 07:13:15,653 INFO org.apache.hadoop.net.NetworkTopology: Adding a new node: /default-rack/10.11.10.211:50010
2018-09-12 07:13:15,812 INFO org.apache.hadoop.hdfs.server.blockmanagement.DatanodeDescriptor: Number of failed storage changes from 0 to 0
2018-09-12 07:13:15,812 INFO org.apache.hadoop.hdfs.server.blockmanagement.DatanodeDescriptor: Adding new storage ID DS-42101556-9ad9-45fb-9813-dc4f9fa043cb for DN 10.11.10.211:50010
2018-09-12 07:13:15,881 INFO org.apache.hadoop.hdfs.server.blockmanagement.BlockManager: BLOCK* processReport: Received first block report from DatanodeStorage[DS-42101556-9ad9-45fb-9813-dc4f9fa043cb,DISK,NORMAL] after starting up or becoming active. Its block contents are no longer considered stale
2018-09-12 07:13:15,882 INFO BlockStateChange: BLOCK* processReport: from storage DS-42101556-9ad9-45fb-9813-dc4f9fa043cb node DatanodeRegistration(10.11.10.211, datanodeUuid=a57d5348-4755-431b-ac9c-c91c158cbcf9, infoPort=50075, ipcPort=50020, storageInfo=lv=-56;cid=CID-cd567d20-5d85-4a6d-96bd-3af989ed6a93;nsid=1073162825;c=0), blocks: 0, hasStaleStorages: false, processing time: 1 msecs
2018-09-12 08:05:45,084 INFO org.apache.hadoop.hdfs.server.namenode.FSNamesystem: Roll Edit Log from 10.11.10.211
2018-09-12 08:05:45,085 INFO org.apache.hadoop.hdfs.server.namenode.FSEditLog: Rolling edit logs
2018-09-12 08:05:45,085 INFO org.apache.hadoop.hdfs.server.namenode.FSEditLog: Ending log segment 1
2018-09-12 08:05:45,088 INFO org.apache.hadoop.hdfs.server.namenode.FSEditLog: Number of transactions: 2 Total time for transactions(ms): 12 Number of transactions batched in Syncs: 0 Number of syncs: 2 SyncTimes(ms): 55 
2018-09-12 08:05:45,091 INFO org.apache.hadoop.hdfs.server.namenode.FSEditLog: Number of transactions: 2 Total time for transactions(ms): 12 Number of transactions batched in Syncs: 0 Number of syncs: 3 SyncTimes(ms): 58 
2018-09-12 08:05:45,098 INFO org.apache.hadoop.hdfs.server.namenode.FileJournalManager: Finalizing edits file /mydata/hadoop/dfs/name/current/edits_inprogress_0000000000000000001 -> /mydata/hadoop/dfs/name/current/edits_0000000000000000001-0000000000000000002
2018-09-12 08:05:45,108 INFO org.apache.hadoop.hdfs.server.namenode.FSEditLog: Starting log segment at 3
2018-09-12 08:05:47,804 INFO org.apache.hadoop.hdfs.server.namenode.TransferFsImage: Transfer took 0.02s at 0.00 KB/s
2018-09-12 08:05:47,805 INFO org.apache.hadoop.hdfs.server.namenode.TransferFsImage: Downloaded file fsimage.ckpt_0000000000000000002 size 321 bytes.
2018-09-12 08:05:47,836 INFO org.apache.hadoop.hdfs.server.namenode.NNStorageRetentionManager: Going to retain 2 images with txid >= 0
2018-09-12 08:33:11,973 ERROR org.apache.hadoop.hdfs.server.namenode.NameNode: RECEIVED SIGNAL 15: SIGTERM
2018-09-12 08:33:11,978 INFO org.apache.hadoop.hdfs.server.namenode.NameNode: SHUTDOWN_MSG: 
/************************************************************
SHUTDOWN_MSG: Shutting down NameNode at hadoop01/10.11.10.211
************************************************************/
